Log file open, 08/17/18 16:52:11
LogWindows: Failed to load 'aqProf.dll' (GetLastError=126)
LogWindows: File 'aqProf.dll' does not exist
LogWindows: Failed to load 'VSPerf140.dll' (GetLastError=126)
LogWindows: File 'VSPerf140.dll' does not exist
LogWindows: Failed to load 'VtuneApi.dll' (GetLastError=126)
LogWindows: File 'VtuneApi.dll' does not exist
LogWindows: Failed to load 'VtuneApi32e.dll' (GetLastError=126)
LogWindows: File 'VtuneApi32e.dll' does not exist
LogInit: Display: Running engine for game: GermBeat
LogPlatformFile: Not using cached read wrapper
LogTaskGraph: Started task graph with 5 named threads and 11 total threads with 3 sets of task threads.
LogStats: Stats thread started at 1.603306
LogD3D11RHI: Loaded GFSDK_Aftermath_Lib.x64.dll
LogICUInternationalization: Display: ICU TimeZone Detection - Raw Offset: +5:30, Platform Override: ''
LogPluginManager: Mounting plugin Paper2D
LogPluginManager: Mounting plugin AISupport
LogPluginManager: Mounting plugin LightPropagationVolume
LogPluginManager: Mounting plugin CLionSourceCodeAccess
LogPluginManager: Mounting plugin CodeLiteSourceCodeAccess
LogPluginManager: Mounting plugin GitSourceControl
LogPluginManager: Mounting plugin KDevelopSourceCodeAccess
LogPluginManager: Mounting plugin NullSourceCodeAccess
LogPluginManager: Mounting plugin PerforceSourceControl
LogPluginManager: Mounting plugin SubversionSourceControl
LogPluginManager: Mounting plugin UObjectPlugin
LogPluginManager: Mounting plugin VisualStudioCodeSourceCodeAccess
LogPluginManager: Mounting plugin VisualStudioSourceCodeAccess
LogPluginManager: Mounting plugin XCodeSourceCodeAccess
LogPluginManager: Mounting plugin AssetManagerEditor
LogPluginManager: Mounting plugin CryptoKeys
LogPluginManager: Mounting plugin DataValidation
LogPluginManager: Mounting plugin FacialAnimation
LogPluginManager: Mounting plugin GameplayTagsEditor
LogPluginManager: Mounting plugin MacGraphicsSwitching
LogPluginManager: Mounting plugin MeshEditor
LogPluginManager: Mounting plugin MobileLauncherProfileWizard
LogPluginManager: Mounting plugin PluginBrowser
LogPluginManager: Mounting plugin SpeedTreeImporter
LogPluginManager: Mounting plugin DatasmithContent
LogPluginManager: Mounting plugin AlembicImporter
LogPluginManager: Mounting plugin AppleImageUtils
LogPluginManager: Mounting plugin AppleVision
LogPluginManager: Mounting plugin BackChannel
LogPluginManager: Mounting plugin CharacterAI
LogPluginManager: Mounting plugin GeometryCache
LogPluginManager: Mounting plugin HTML5Networking
LogPluginManager: Mounting plugin ProxyLODPlugin
LogPluginManager: Mounting plugin MagicLeap
LogPluginManager: Mounting plugin MagicLeapEmulator
LogPluginManager: Mounting plugin MagicLeapMedia
LogPluginManager: Mounting plugin AndroidMedia
LogPluginManager: Mounting plugin AvfMedia
LogPluginManager: Mounting plugin ImgMedia
LogPluginManager: Mounting plugin LinearTimecode
LogPluginManager: Mounting plugin MediaCompositing
LogPluginManager: Mounting plugin MediaPlayerEditor
LogPluginManager: Mounting plugin WmfMedia
LogPluginManager: Mounting plugin TcpMessaging
LogPluginManager: Mounting plugin UdpMessaging
LogPluginManager: Mounting plugin ActorSequence
LogPluginManager: Mounting plugin LevelSequenceEditor
LogPluginManager: Mounting plugin MatineeToLevelSequence
LogPluginManager: Mounting plugin NetcodeUnitTest
LogPluginManager: Mounting plugin NUTUnrealEngine4
LogPluginManager: Mounting plugin OnlineSubsystemGooglePlay
LogPluginManager: Mounting plugin OnlineSubsystemIOS
LogPluginManager: Mounting plugin OnlineSubsystem
LogPluginManager: Mounting plugin OnlineSubsystemNull
LogPluginManager: Mounting plugin OnlineSubsystemUtils
LogPluginManager: Mounting plugin LauncherChunkInstaller
LogPluginManager: Mounting plugin AndroidDeviceProfileSelector
LogPluginManager: Mounting plugin AndroidMoviePlayer
LogPluginManager: Mounting plugin AndroidPermission
LogPluginManager: Mounting plugin AppleMoviePlayer
LogPluginManager: Mounting plugin ArchVisCharacter
LogPluginManager: Mounting plugin AudioCapture
LogPluginManager: Mounting plugin CableComponent
LogPluginManager: Mounting plugin CustomMeshComponent
LogPluginManager: Mounting plugin EditableMesh
LogPluginManager: Mounting plugin ExampleDeviceProfileSelector
LogPluginManager: Mounting plugin GoogleCloudMessaging
LogPluginManager: Mounting plugin ImmediatePhysics
LogPluginManager: Mounting plugin IOSDeviceProfileSelector
LogPluginManager: Mounting plugin LinuxDeviceProfileSelector
LogPluginManager: Mounting plugin LocationServicesBPLibrary
LogPluginManager: Mounting plugin MobilePatchingUtils
LogPluginManager: Mounting plugin OculusVR
LogPluginManager: Plugin shader directory ../../../Engine/Plugins/Runtime/Oculus/OculusVR/Shaders found
LogPluginManager: Mapping shader source directory ../../../Engine/Plugins/Runtime/Oculus/OculusVR/Shaders to virtual directory /Plugin/OculusVR
LogPluginManager: Mounting plugin PhysXVehicles
LogPluginManager: Mounting plugin ProceduralMeshComponent
LogPluginManager: Mounting plugin RuntimePhysXCooking
LogPluginManager: Mounting plugin SteamVR
LogPluginManager: Mounting plugin WindowsMoviePlayer
LogStreaming: Display: Took  0.302s to configure plugins.
LogInit: Using libcurl 7.55.1-DEV
LogInit:  - built for x86_64-pc-win32
LogInit:  - supports SSL with OpenSSL/1.0.2h
LogInit:  - supports HTTP deflate (compression) using libz 1.2.8
LogInit:  - other features:
LogInit:      CURL_VERSION_SSL
LogInit:      CURL_VERSION_LIBZ
LogInit:      CURL_VERSION_IPV6
LogInit:      CURL_VERSION_ASYNCHDNS
LogInit:      CURL_VERSION_LARGEFILE
LogInit:      CURL_VERSION_IDN
LogInit:  CurlRequestOptions (configurable via config and command line):
LogInit:  - bVerifyPeer = false  - Libcurl will NOT verify peer certificate
LogInit:  - bUseHttpProxy = false  - Libcurl will NOT use HTTP proxy
LogInit:  - bDontReuseConnections = false  - Libcurl will reuse connections
LogInit:  - CertBundlePath = nullptr  - Libcurl will use whatever was configured at build time.
LogInit:  - MaxHostConnections = 16  - Libcurl will limit the number of connections to a host
LogInit:  - LocalHostAddr = Default
LogInit:  - BufferSize = 65536
LogInit: WinSock: version 1.1 (2.2), MaxSocks=32767, MaxUdp=65467
LogInit: Build: ++UE4+Release-4.20-CL-4233996
LogInit: Engine Version: 4.20.1-4233996+++UE4+Release-4.20
LogInit: Compatible Engine Version: 4.20.0-4212847+++UE4+Release-4.20
LogInit: Net CL: 4212847
LogInit: OS: Windows 10 (), CPU:         Intel(R) Core(TM) i3-3210 CPU @ 3.20GHz, GPU: NVIDIA GeForce GTX 1050 Ti
LogInit: Compiled (64-bit): Jul 26 2018 10:07:30
LogInit: Compiled with Visual C++: 19.13.26129.00
LogInit: Build Configuration: Development
LogInit: Branch Name: ++UE4+Release-4.20
LogInit: Command Line: -EpicPortal 
LogInit: Base Directory: H:/Fortnite/UE_4.20/Engine/Binaries/Win64/
LogInit: Installed Engine Build: 1
LogDevObjectVersion: Number of dev versions registered: 20
LogDevObjectVersion:   Dev-Blueprints (B0D832E4-1F89-4F0D-ACCF-7EB736FD4AA2): 10
LogDevObjectVersion:   Dev-Build (E1C64328-A22C-4D53-A36C-8E866417BD8C): 0
LogDevObjectVersion:   Dev-Core (375EC13C-06E4-48FB-B500-84F0262A717E): 2
LogDevObjectVersion:   Dev-Editor (E4B068ED-F494-42E9-A231-DA0B2E46BB41): 24
LogDevObjectVersion:   Dev-Framework (CFFC743F-43B0-4480-9391-14DF171D2073): 34
LogDevObjectVersion:   Dev-Mobile (B02B49B5-BB20-44E9-A304-32B752E40360): 2
LogDevObjectVersion:   Dev-Networking (A4E4105C-59A1-49B5-A7C5-40C4547EDFEE): 0
LogDevObjectVersion:   Dev-Online (39C831C9-5AE6-47DC-9A44-9C173E1C8E7C): 0
LogDevObjectVersion:   Dev-Physics (78F01B33-EBEA-4F98-B9B4-84EACCB95AA2): 0
LogDevObjectVersion:   Dev-Platform (6631380F-2D4D-43E0-8009-CF276956A95A): 0
LogDevObjectVersion:   Dev-Rendering (12F88B9F-8875-4AFC-A67C-D90C383ABD29): 26
LogDevObjectVersion:   Dev-Sequencer (7B5AE74C-D270-4C10-A958-57980B212A5A): 9
LogDevObjectVersion:   Dev-VR (D7296918-1DD6-4BDD-9DE2-64A83CC13884): 2
LogDevObjectVersion:   Dev-LoadTimes (C2A15278-BFE7-4AFE-6C17-90FF531DF755): 1
LogDevObjectVersion:   Private-Geometry (6EACA3D4-40EC-4CC1-B786-8BED09428FC5): 3
LogDevObjectVersion:   Dev-AnimPhys (29E575DD-E0A3-4627-9D10-D276232CDCEA): 17
LogDevObjectVersion:   Dev-ReflectionCapture (6B266CEC-1EC7-4B8F-A30B-E4D90942FC07): 1
LogDevObjectVersion:   Dev-Automation (0DF73D61-A23F-47EA-B727-89E90C41499A): 1
LogDevObjectVersion:   FortniteMain (601D1886-AC64-4F84-AA16-D3DE0DEAC7D6): 12
LogDevObjectVersion:   Dev-Enterprise (9DFFBCD6-494F-0158-E221-12823C92A888): 1
LogStreaming: Display: Took  0.000s to delete old logs.
LogInit: Presizing for max 8388607 objects, including 0 objects not considered by GC, pre-allocating 0 bytes for permanent pool.
LogInit: Object subsystem initialized
[2018.08.17-11.22.12:816][  0]LogInit: Selected Device Profile: [Windows]
[2018.08.17-11.22.12:816][  0]LogInit: Applying CVar settings loaded from the selected device profile: [Windows]
[2018.08.17-11.22.12:907][  0]LogHAL: Display: Platform has ~ 6 GB [5889163264 / 8589934592 / 6], which maps to Smaller [LargestMinGB=32, LargerMinGB=12, DefaultMinGB=8, SmallerMinGB=6, SmallestMinGB=0)
[2018.08.17-11.22.12:907][  0]LogInit: Setting Device Profile CVar: [[r.Vulkan.UseRealUBs:1]]
[2018.08.17-11.22.12:907][  0]LogInit: Going up to parent DeviceProfile []
[2018.08.17-11.22.12:934][  0]LogInit: Computer: SAHIL
[2018.08.17-11.22.12:934][  0]LogInit: User: Sahil
[2018.08.17-11.22.12:934][  0]LogInit: CPU Page size=4096, Cores=2
[2018.08.17-11.22.12:934][  0]LogInit: High frequency timer resolution =3.117918 MHz
[2018.08.17-11.22.12:935][  0]LogMemory: Memory total: Physical=5.5GB (6GB approx)
[2018.08.17-11.22.12:935][  0]LogMemory: Platform Memory Stats for Windows
[2018.08.17-11.22.12:935][  0]LogMemory: Process Physical Memory: 102.60 MB used, 102.60 MB peak
[2018.08.17-11.22.12:935][  0]LogMemory: Process Virtual Memory: 84.05 MB used, 84.05 MB peak
[2018.08.17-11.22.12:935][  0]LogMemory: Physical Memory: 3416.16 MB used,  2200.19 MB free, 5616.34 MB total
[2018.08.17-11.22.12:935][  0]LogMemory: Virtual Memory: 523.94 MB used,  2200.19 MB free, 134217728.00 MB total
[2018.08.17-11.22.13:224][  0]LogInit: Using OS detected language (en-US).
[2018.08.17-11.22.13:224][  0]LogInit: Using OS detected locale (en-US).
[2018.08.17-11.22.13:225][  0]LogTextLocalizationManager: No specific localization for 'en-US' exists, so the 'en' localization will be used.
[2018.08.17-11.22.14:175][  0]LogStreaming: Display: Took  0.951s to InitEngineTextLocalization.
[2018.08.17-11.22.14:175][  0]LogInit: Setting process to per monitor DPI aware
[2018.08.17-11.22.14:329][  0]LogSlate: New Slate User Created.  User Index 0, Is Virtual User: 0
[2018.08.17-11.22.14:329][  0]LogSlate: Slate User Registered.  User Index 0, Is Virtual User: 0
[2018.08.17-11.22.17:629][  0]LogHMD: Failed to initialize OpenVR with code 110
[2018.08.17-11.22.17:629][  0]LogD3D11RHI: D3D11 adapters:
[2018.08.17-11.22.17:720][  0]LogD3D11RHI:    0. 'NVIDIA GeForce GTX 1050 Ti' (Feature Level 11_0)
[2018.08.17-11.22.17:720][  0]LogD3D11RHI:       4018/0/2808 MB DedicatedVideo/DedicatedSystem/SharedSystem, Outputs:1, VendorId:0x10de
[2018.08.17-11.22.17:722][  0]LogD3D11RHI:    1. 'Microsoft Basic Render Driver' (Feature Level 11_0)
[2018.08.17-11.22.17:722][  0]LogD3D11RHI:       0/0/2808 MB DedicatedVideo/DedicatedSystem/SharedSystem, Outputs:0, VendorId:0x1414
[2018.08.17-11.22.17:723][  0]LogD3D11RHI: Chosen D3D11 Adapter: 0
[2018.08.17-11.22.17:730][  0]LogD3D11RHI: Creating new Direct3DDevice
[2018.08.17-11.22.17:730][  0]LogD3D11RHI:     GPU DeviceId: 0x1c82 (for the marketing name, search the web for "GPU Device Id")
[2018.08.17-11.22.17:730][  0]LogWindows: EnumDisplayDevices:
[2018.08.17-11.22.17:730][  0]LogWindows:    0. 'NVIDIA GeForce GTX 1050 Ti' (P:1 D:1)
[2018.08.17-11.22.17:731][  0]LogWindows:    1. 'NVIDIA GeForce GTX 1050 Ti' (P:0 D:0)
[2018.08.17-11.22.17:731][  0]LogWindows:    2. 'NVIDIA GeForce GTX 1050 Ti' (P:0 D:0)
[2018.08.17-11.22.17:731][  0]LogWindows:    3. 'NVIDIA GeForce GTX 1050 Ti' (P:0 D:0)
[2018.08.17-11.22.17:731][  0]LogWindows: DebugString: FoundDriverCount:4 
[2018.08.17-11.22.17:731][  0]LogD3D11RHI:     Adapter Name: NVIDIA GeForce GTX 1050 Ti
[2018.08.17-11.22.17:731][  0]LogD3D11RHI:   Driver Version: 398.36 (internal:24.21.13.9836, unified:398.36)
[2018.08.17-11.22.17:731][  0]LogD3D11RHI:      Driver Date: 6-24-2018
[2018.08.17-11.22.17:732][  0]LogRHI: Texture pool is 2812 MB (70% of 4018 MB)
[2018.08.17-11.22.17:794][  0]LogD3D11RHI: Async texture creation enabled
[2018.08.17-11.22.17:839][  0]LogD3D11RHI: GPU Timing Frequency: 1000.000000 (Debug: 2 2)
[2018.08.17-11.22.17:889][  0]LogShaderCompilers: Guid format shader working directory is 15 characters bigger than the processId version (../../../../../GermWar/GermBeat/Intermediate/Shaders/WorkingDirectory/4164/).
[2018.08.17-11.22.17:889][  0]LogShaderCompilers: Cleaned the shader compiler working directory 'C:/Users/Sahil/AppData/Local/Temp/UnrealShaderWorkingDir/520CCD6443E10EF5AD6A72887A58E938/'.
[2018.08.17-11.22.18:643][  0]LogTemp: Display: Loaded TP AllDesktopTargetPlatform
[2018.08.17-11.22.18:665][  0]LogTemp: Display: Loaded TP MacClientTargetPlatform
[2018.08.17-11.22.18:687][  0]LogTemp: Display: Loaded TP MacNoEditorTargetPlatform
[2018.08.17-11.22.18:710][  0]LogTemp: Display: Loaded TP MacServerTargetPlatform
[2018.08.17-11.22.18:735][  0]LogTemp: Display: Loaded TP MacTargetPlatform
[2018.08.17-11.22.18:754][  0]LogTemp: Display: Loaded TP WindowsClientTargetPlatform
[2018.08.17-11.22.18:783][  0]LogTemp: Display: Loaded TP WindowsNoEditorTargetPlatform
[2018.08.17-11.22.18:802][  0]LogTemp: Display: Loaded TP WindowsServerTargetPlatform
[2018.08.17-11.22.18:810][  0]LogTemp: Display: Loaded TP WindowsTargetPlatform
[2018.08.17-11.22.18:947][  0]LogTemp: Display: Loaded TP AndroidTargetPlatform
[2018.08.17-11.22.18:947][  0]LogTemp: Display: Loaded TP AndroidTargetPlatform
[2018.08.17-11.22.18:947][  0]LogTemp: Display: Loaded TP AndroidTargetPlatform
[2018.08.17-11.22.18:947][  0]LogTemp: Display: Loaded TP AndroidTargetPlatform
[2018.08.17-11.22.18:947][  0]LogTemp: Display: Loaded TP AndroidTargetPlatform
[2018.08.17-11.22.18:948][  0]LogTemp: Display: Loaded TP AndroidTargetPlatform
[2018.08.17-11.22.18:948][  0]LogTemp: Display: Loaded TP AndroidTargetPlatform
[2018.08.17-11.22.18:948][  0]LogTemp: Display: Loaded TP AndroidTargetPlatform
[2018.08.17-11.22.18:948][  0]LogTemp: Display: Loaded TP AndroidTargetPlatform
[2018.08.17-11.22.18:948][  0]LogTemp: Display: Loaded TP AndroidTargetPlatform
[2018.08.17-11.22.18:948][  0]LogTemp: Display: Loaded TP AndroidTargetPlatform
[2018.08.17-11.22.18:948][  0]LogTemp: Display: Loaded TP AndroidTargetPlatform
[2018.08.17-11.22.18:948][  0]LogTemp: Display: Loaded TP AndroidTargetPlatform
[2018.08.17-11.22.18:948][  0]LogTemp: Display: Loaded TP AndroidTargetPlatform
[2018.08.17-11.22.18:948][  0]LogTemp: Display: Loaded TP AndroidTargetPlatform
[2018.08.17-11.22.18:948][  0]LogTemp: Display: Loaded TP AndroidTargetPlatform
[2018.08.17-11.22.18:948][  0]LogTemp: Display: Loaded TP AndroidTargetPlatform
[2018.08.17-11.22.18:948][  0]LogTemp: Display: Loaded TP AndroidTargetPlatform
[2018.08.17-11.22.18:950][  0]LogTemp: Display: Loaded TP HTML5TargetPlatform
[2018.08.17-11.22.19:023][  0]LogTemp: Display: Loaded TP IOSTargetPlatform
[2018.08.17-11.22.19:023][  0]LogTemp: Display: Loaded TP IOSTargetPlatform
[2018.08.17-11.22.19:064][  0]LogTemp: Display: Loaded TP TVOSTargetPlatform
[2018.08.17-11.22.19:064][  0]LogTemp: Display: Loaded TP TVOSTargetPlatform
[2018.08.17-11.22.19:087][  0]LogTemp: Display: Loaded TP LinuxClientTargetPlatform
[2018.08.17-11.22.19:112][  0]LogTemp: Display: Loaded TP LinuxNoEditorTargetPlatform
[2018.08.17-11.22.19:140][  0]LogTemp: Display: Loaded TP LinuxServerTargetPlatform
[2018.08.17-11.22.19:165][  0]LogTemp: Display: Loaded TP LinuxTargetPlatform
[2018.08.17-11.22.19:186][  0]LogTemp: Display: Loaded TP LuminTargetPlatform
[2018.08.17-11.22.19:186][  0]LogTargetPlatformManager: Display: Building Assets For Windows
[2018.08.17-11.22.19:255][  0]LogXGEController: Cannot use XGE Controller as Incredibuild is not installed on this machine.
[2018.08.17-11.22.19:255][  0]LogShaderCompilers: Cannot use XGE Shader Compiler as Incredibuild is not installed on this machine.
[2018.08.17-11.22.19:255][  0]LogShaderCompilers: Display: Using Local Shader Compiler.
[2018.08.17-11.22.20:685][  0]LogDerivedDataCache: Display: Max Cache Size: 512 MB
[2018.08.17-11.22.20:776][  0]LogDerivedDataCache: Loaded boot cache 0.09s 71MB C:/Users/Sahil/AppData/Local/UnrealEngine/4.20/DerivedDataCache/Boot.ddc.
[2018.08.17-11.22.20:777][  0]LogDerivedDataCache: Display: Loaded Boot cache: C:/Users/Sahil/AppData/Local/UnrealEngine/4.20/DerivedDataCache/Boot.ddc
[2018.08.17-11.22.20:777][  0]LogDerivedDataCache: FDerivedDataBackendGraph:  Pak pak cache file ../../../../../GermWar/GermBeat/DerivedDataCache/DDC.ddp not found, will not use a pak cache.
[2018.08.17-11.22.20:777][  0]LogDerivedDataCache: Unable to find inner node Pak for hierarchical cache Hierarchy.
[2018.08.17-11.22.20:777][  0]LogDerivedDataCache: FDerivedDataBackendGraph:  CompressedPak pak cache file ../../../../../GermWar/GermBeat/DerivedDataCache/Compressed.ddp not found, will not use a pak cache.
[2018.08.17-11.22.20:777][  0]LogDerivedDataCache: Unable to find inner node CompressedPak for hierarchical cache Hierarchy.
[2018.08.17-11.22.20:799][  0]LogDerivedDataCache: Display: Pak cache opened for reading ../../../Engine/DerivedDataCache/Compressed.ddp.
[2018.08.17-11.22.20:812][  0]LogDerivedDataCache: Using Local data cache path C:/Users/Sahil/AppData/Local/UnrealEngine/Common/DerivedDataCache: Writable
[2018.08.17-11.22.20:812][  0]LogDerivedDataCache: Shared data cache path not found in *engine.ini, will not use an Shared cache.
[2018.08.17-11.22.20:812][  0]LogDerivedDataCache: Unable to find inner node Shared for hierarchical cache Hierarchy.
[2018.08.17-11.22.20:851][  0]LogMaterial: Verifying Global Shaders for PCD3D_SM5
[2018.08.17-11.22.20:853][  0]LogSlate: Using FreeType 2.6.0
[2018.08.17-11.22.20:886][  0]LogSlate: SlateFontServices - WITH_FREETYPE: 1, WITH_HARFBUZZ: 1
[2018.08.17-11.22.21:407][  0]LogAssetRegistry: FAssetRegistry took 0.0406 seconds to start up
[2018.08.17-11.22.22:280][  0]LogInit: Selected Device Profile: [Windows]
[2018.08.17-11.22.22:675][  0]LogSimplygon: Simplygon DLL not present - disabling.
[2018.08.17-11.22.22:681][  0]LogMeshReduction: Using SimplygonSwarm for distributed automatic mesh merging
[2018.08.17-11.22.22:681][  0]LogMeshReduction: Using ProxyLODMeshReduction for automatic mesh merging
[2018.08.17-11.22.22:681][  0]LogMeshReduction: Using QuadricMeshReduction for automatic static mesh reduction
[2018.08.17-11.22.22:681][  0]LogMeshReduction: No automatic skeletal mesh reduction module available
[2018.08.17-11.22.22:793][  0]LogNetVersion: GermBeat 1.0.0, NetCL: 4212847, EngineNetVer: 5, GameNetVer: 0 (Checksum: 695920693)
[2018.08.17-11.22.24:897][  0]LogPackageLocalizationCache: Processed 11 localized package path(s) for 2 prioritized culture(s) in 0.213572 seconds
[2018.08.17-11.22.24:910][  0]LogUObjectArray: 38425 objects as part of root set at end of initial load.
[2018.08.17-11.22.24:911][  0]LogUObjectAllocator: 6690872 out of 0 bytes used by permanent object pool.
[2018.08.17-11.22.24:911][  0]LogUObjectArray: CloseDisregardForGC: 0/0 objects in disregard for GC pool
[2018.08.17-11.22.38:670][  0]LogTcpMessaging: Initializing TcpMessaging bridge
[2018.08.17-11.22.38:689][  0]LogUdpMessaging: Initializing bridge on interface 0.0.0.0:0 to multicast group 230.0.0.1:6666.
[2018.08.17-11.22.39:135][  0]SourceControl: Source control is disabled
[2018.08.17-11.22.39:135][  0]SourceControl: Source control is disabled
[2018.08.17-11.22.39:138][  0]SourceControl: Source control is disabled
[2018.08.17-11.22.39:140][  0]SourceControl: Source control is disabled
[2018.08.17-11.22.39:440][  0]LogAndroidPermission: UAndroidPermissionCallbackProxy::GetInstance
[2018.08.17-11.22.39:601][  0]LogOcInput: OculusInput pre-init called
[2018.08.17-11.22.39:755][  0]LogEngine: Initializing Engine...
[2018.08.17-11.22.39:757][  0]LogHMD: Failed to initialize OpenVR with code 110
[2018.08.17-11.22.39:769][  0]LogStats: UGameplayTagsManager::ConstructGameplayTagTree: ImportINI prefixes -  0.000 s
[2018.08.17-11.22.39:769][  0]LogStats: UGameplayTagsManager::ConstructGameplayTagTree: Construct from data asset -  0.000 s
[2018.08.17-11.22.39:769][  0]LogStats: UGameplayTagsManager::ConstructGameplayTagTree: ImportINI -  0.000 s
[2018.08.17-11.22.39:769][  0]LogStats: UGameplayTagsManager::ConstructGameplayTagTree: GameplayTagTreeChangedEvent.Broadcast -  0.000 s
[2018.08.17-11.22.40:581][  0]LogInit: Initializing FReadOnlyCVARCache
[2018.08.17-11.22.40:598][  0]LogAIModule: Creating AISystem for world Untitled
[2018.08.17-11.22.40:702][  0]LogInit: XAudio2 using 'Acer V206HQLB (NVIDIA High Definition Audio)' : 2 channels at 48 kHz using 16 bits per sample (channel mask 0x3)
[2018.08.17-11.22.40:766][  0]LogInit: FAudioDevice initialized.
[2018.08.17-11.22.40:766][  0]LogNetVersion: Set ProjectVersion to 1.0.0.0. Version Checksum will be recalculated on next use.
[2018.08.17-11.22.40:912][  0]LogDerivedDataCache: Saved boot cache 0.15s 71MB C:/Users/Sahil/AppData/Local/UnrealEngine/4.20/DerivedDataCache/Boot.ddc.
[2018.08.17-11.22.40:923][  0]LogInit: Texture streaming: Enabled
[2018.08.17-11.22.40:947][  0]LogEngineSessionManager: EngineSessionManager initialized
[2018.08.17-11.22.40:995][  0]LogInit: Transaction tracking system initialized
[2018.08.17-11.22.41:025][  0]BlueprintLog: New page: Editor Load
[2018.08.17-11.22.41:152][  0]LocalizationService: Localization service is disabled
[2018.08.17-11.22.42:286][  0]LogFileCache: Scanning file cache for directory 'H:/GermWar/GermBeat/Content/' took 0.03s
[2018.08.17-11.22.42:286][  0]LogCook: Display: Max memory allowance for cook 16384mb min free memory 0mb
[2018.08.17-11.22.42:286][  0]LogCook: Display: Mobile HDR setting 1
[2018.08.17-11.22.42:296][  0]LogGameplayTags: Display: UGameplayTagsManager::DoneAddingNativeTags. DelegateIsBound: 0
[2018.08.17-11.22.42:296][  0]LogStats: UGameplayTagsManager::ConstructGameplayTagTree: ImportINI prefixes -  0.000 s
[2018.08.17-11.22.42:296][  0]LogStats: UGameplayTagsManager::ConstructGameplayTagTree: Construct from data asset -  0.000 s
[2018.08.17-11.22.42:296][  0]LogStats: UGameplayTagsManager::ConstructGameplayTagTree: ImportINI -  0.000 s
[2018.08.17-11.22.42:296][  0]LogStats: UGameplayTagsManager::ConstructGameplayTagTree: GameplayTagTreeChangedEvent.Broadcast -  0.000 s
[2018.08.17-11.22.42:859][  0]SourceControl: Source control is disabled
[2018.08.17-11.22.42:859][  0]Cmd: MAP LOAD FILE="../../../../../GermWar/GermBeat/Content/TwinStickBP/Maps/TwinStickExampleMap.umap" TEMPLATE=0 SHOWPROGRESS=1 FEATURELEVEL=3
[2018.08.17-11.22.42:929][  0]LightingResults: New page: Lighting Build
[2018.08.17-11.22.42:933][  0]MapCheck: New page: Map Check
[2018.08.17-11.22.42:933][  0]LightingResults: New page: Lighting Build
[2018.08.17-11.22.44:555][  0]LogLinker: Warning: Can't find file '/Game/TwinStickBP/Maps/TwinStickExampleMap_BuiltData'
[2018.08.17-11.22.44:556][  0]LogLinker: Warning: Can't find file for asset '/Game/TwinStickBP/Maps/TwinStickExampleMap_BuiltData' while loading ../../../../../GermWar/GermBeat/Content/TwinStickBP/Maps/TwinStickExampleMap.umap.
[2018.08.17-11.22.44:556][  0]LoadErrors: Error: /Game/TwinStickBP/Maps/TwinStickExampleMap : Can't find file for asset. /Game/TwinStickBP/Maps/TwinStickExampleMap_BuiltData
[2018.08.17-11.22.44:629][  0]LogLinker: Warning: Can't find file '/Game/TwinStickBP/Maps/TwinStickExampleMap_BuiltData'
[2018.08.17-11.22.44:629][  0]LogLinker: Warning: Can't find file for asset '/Game/TwinStickBP/Maps/TwinStickExampleMap_BuiltData' while loading ../../../../../GermWar/GermBeat/Content/TwinStickBP/Maps/TwinStickExampleMap.umap.
[2018.08.17-11.22.44:629][  0]LoadErrors: Error: /Game/TwinStickBP/Maps/TwinStickExampleMap : Can't find file for asset. /Game/TwinStickBP/Maps/TwinStickExampleMap_BuiltData
[2018.08.17-11.22.44:632][  0]LogLinker: Warning: Can't find file '/Game/TwinStickBP/Maps/TwinStickExampleMap_BuiltData'
[2018.08.17-11.22.44:632][  0]LogLinker: Warning: Can't find file for asset '/Game/TwinStickBP/Maps/TwinStickExampleMap_BuiltData' while loading NULL.
[2018.08.17-11.22.44:653][  0]LogLinker: Warning: Can't find file '/Game/TwinStickBP/Maps/TwinStickExampleMap_BuiltData'
[2018.08.17-11.22.44:653][  0]LogLinker: Warning: Can't find file for asset '/Game/TwinStickBP/Maps/TwinStickExampleMap_BuiltData' while loading NULL.
[2018.08.17-11.22.44:718][  0]LogLinker: Warning: Can't find file '/Game/TwinStickBP/Maps/TwinStickExampleMap_BuiltData'
[2018.08.17-11.22.44:718][  0]LoadErrors: Failed to load /Game/TwinStickBP/Maps/TwinStickExampleMap_BuiltData.TwinStickExampleMap_BuiltData Referenced by PersistentLevel
[2018.08.17-11.22.44:718][  0]LogLinker: Warning: Can't find file for asset '/Game/TwinStickBP/Maps/TwinStickExampleMap_BuiltData' while loading NULL.
[2018.08.17-11.22.44:718][  0]LoadErrors: Failed to load /Game/TwinStickBP/Maps/TwinStickExampleMap_BuiltData.TwinStickExampleMap_BuiltData Referenced by PersistentLevel
[2018.08.17-11.22.45:338][  0]LogAIModule: Creating AISystem for world TwinStickExampleMap
[2018.08.17-11.22.45:519][  0]LogEditorServer: Finished looking for orphan Actors (0.000 secs)
[2018.08.17-11.22.45:573][  0]Cmd: MAP CHECKDEP NOCLEARLOG
[2018.08.17-11.22.45:654][  0]MapCheck: Map check complete: 0 Error(s), 0 Warning(s), took 81.505ms to complete.
[2018.08.17-11.22.45:654][  0]LogFileHelpers: Loading map 'TwinStickExampleMap' took 2.795
[2018.08.17-11.22.47:027][  0]LogSlate: Updating window title bar state: overlay mode, drag disabled, window buttons hidden, title bar hidden
[2018.08.17-11.22.47:078][  0]LogSlate: Updating window title bar state: overlay mode, drag disabled, window buttons hidden, title bar hidden
[2018.08.17-11.22.47:094][  0]LogSlate: Updating window title bar state: overlay mode, drag disabled, window buttons hidden, title bar hidden
[2018.08.17-11.22.47:110][  0]LogSlate: Updating window title bar state: overlay mode, drag disabled, window buttons hidden, title bar hidden
[2018.08.17-11.22.47:151][  0]LogCollectionManager: Loaded 0 collections in 0.001450 seconds
[2018.08.17-11.22.47:350][  0]LogFileCache: Scanning file cache for directory 'H:/GermWar/GermBeat/Saved/Collections/' took 0.01s
[2018.08.17-11.22.47:350][  0]LogFileCache: Scanning file cache for directory 'H:/GermWar/GermBeat/Content/Developers/Sahil/Collections/' took 0.01s
[2018.08.17-11.22.47:350][  0]LogFileCache: Scanning file cache for directory 'H:/GermWar/GermBeat/Content/Collections/' took 0.01s
[2018.08.17-11.22.47:350][  0]LogCollectionManager: Rebuilt the GUID cache for 0 collections in 0.000001 seconds
[2018.08.17-11.22.47:368][  0]LogContentBrowser: Native class hierarchy populated in 0.0174 seconds. Added 2573 classes and 605 folders.
[2018.08.17-11.22.47:459][  0]LogContentBrowser: Native class hierarchy updated for 'WidgetCarousel' in 0.0005 seconds. Added 0 classes and 0 folders.
[2018.08.17-11.22.49:028][  0]LogContentBrowser: Native class hierarchy updated for 'AddContentDialog' in 0.0004 seconds. Added 0 classes and 0 folders.
[2018.08.17-11.22.49:794][  0]LogSlate: Took 0.000300 seconds to synchronously load lazily loaded font '../../../Engine/Content/Slate/Fonts/Roboto-Regular.ttf' (155K)
[2018.08.17-11.22.49:815][  0]LogSlate: Took 0.000275 seconds to synchronously load lazily loaded font '../../../Engine/Content/Slate/Fonts/Roboto-Bold.ttf' (160K)
[2018.08.17-11.22.49:901][  0]LogSlate: Took 0.024861 seconds to synchronously load lazily loaded font '../../../Engine/Content/Editor/Slate/Fonts/FontAwesome.ttf' (139K)
[2018.08.17-11.22.50:862][  0]LogRenderer: Reallocating scene render targets to support 1012x432 Format 9 NumSamples 1 (Frame:1).
[2018.08.17-11.22.52:148][  0]LogContentBrowser: Native class hierarchy updated for 'HierarchicalLODOutliner' in 0.0004 seconds. Added 0 classes and 0 folders.
[2018.08.17-11.22.52:149][  0]LogLoad: (Engine Initialization) Total time: 57.92 seconds
[2018.08.17-11.22.52:149][  0]LogLoad: (Engine Initialization) Total Blueprint compile time: 0.00 seconds
[2018.08.17-11.22.52:325][  0]LogContentStreaming: Texture pool size now 3000 MB
[2018.08.17-11.22.52:364][  0]LogSlate: FSceneViewport::OnFocusLost() reason 2
[2018.08.17-11.22.56:620][179]LogSlate: Took 0.037332 seconds to synchronously load lazily loaded font '../../../Engine/Content/Slate/Fonts/Roboto-Light.ttf' (167K)
[2018.08.17-11.22.56:805][179]LogAudioDerivedData: Display: Building compressed audio format OGG hash OGG wave Battle_in_the_winter...
[2018.08.17-11.22.59:423][179]LogTemp: Couldn't find amount to resample to.
[2018.08.17-11.23.08:841][179]LogAudioDerivedData: Display: Updated SoundWave->RawPCMDataSize from 0 to 46298752 while cooking SoundWave /Game/Audio/Battle_in_the_winter.Battle_in_the_winter.
[2018.08.17-11.23.08:992][180]LogAssetRegistry: Asset discovery search completed in 47.6168 seconds
[2018.08.17-11.23.08:999][180]LogCollectionManager: Rebuilt the object cache for 0 collections in 0.000001 seconds (found 0 objects)
[2018.08.17-11.23.08:999][180]LogCollectionManager: Fixed up redirectors for 0 collections in 0.000123 seconds (updated 0 objects)
[2018.08.17-11.27.02:548][866]LogD3D11RHI: Error: Result failed 
 at D:\Build\++UE4\Sync\Engine\Source\Runtime\Windows\D3D11RHI\Private\D3D11Viewport.cpp:304 
 with error DXGI_ERROR_DEVICE_REMOVED DXGI_ERROR_DEVICE_REMOVED
[2018.08.17-11.27.02:549][866]LogD3D11RHI: [Aftermath] GDynamicRHI=000002A9742520C0, GDX11NVAfterMathEnabled=0, Result=0xFFFFFFFF, bDeviceActive=0
[2018.08.17-11.27.02:549][866]LogWindows: Windows GetLastError: The operation completed successfully. (0)
[2018.08.17-11.27.43:119][866]LogWindows: Windows GetLastError: The operation completed successfully. (0)
[2018.08.17-11.27.43:132][866]LogWindows: Error: === Critical error: ===
[2018.08.17-11.27.43:132][866]LogWindows: Error: 
[2018.08.17-11.27.43:132][866]LogWindows: Error: Fatal error: [File:D:\Build\++UE4\Sync\Engine\Source\Runtime\RenderCore\Private\RenderingThread.cpp] [Line: 826] 
[2018.08.17-11.27.43:133][866]LogWindows: Error: Rendering thread exception:
[2018.08.17-11.27.43:133][866]LogWindows: Error: Fatal error: [File:D:\Build\++UE4\Sync\Engine\Source\Runtime\Windows\D3D11RHI\Private\D3D11Util.cpp] [Line: 200] 
[2018.08.17-11.27.43:133][866]LogWindows: Error: Unreal Engine is exiting due to D3D device being lost. (Error: 0x887A0005 - 'REMOVED')
[2018.08.17-11.27.43:133][866]LogWindows: Error: 
[2018.08.17-11.27.43:133][866]LogWindows: Error: 
[2018.08.17-11.27.43:133][866]LogWindows: Error: [Callstack] 0x00007ffb2a154008 KERNELBASE.dll!UnknownFunction []
[2018.08.17-11.27.43:133][866]LogWindows: Error: [Callstack] 0x00007ffb16b76850 UE4Editor-ApplicationCore.dll!UnknownFunction []
[2018.08.17-11.27.43:133][866]LogWindows: Error: [Callstack] 0x00007ffada2d62ec UE4Editor-Core.dll!UnknownFunction []
[2018.08.17-11.27.43:133][866]LogWindows: Error: [Callstack] 0x00007ffada2651cb UE4Editor-Core.dll!UnknownFunction []
[2018.08.17-11.27.43:133][866]LogWindows: Error: [Callstack] 0x00007ffaf32aadea UE4Editor-D3D11RHI.dll!UnknownFunction []
[2018.08.17-11.27.43:133][866]LogWindows: Error: [Callstack] 0x00007ffaf32ae6e4 UE4Editor-D3D11RHI.dll!UnknownFunction []
[2018.08.17-11.27.43:133][866]LogWindows: Error: [Callstack] 0x00007ffaf328d0aa UE4Editor-D3D11RHI.dll!UnknownFunction []
[2018.08.17-11.27.43:133][866]LogWindows: Error: [Callstack] 0x00007ffaf329ab70 UE4Editor-D3D11RHI.dll!UnknownFunction []
[2018.08.17-11.27.43:133][866]LogWindows: Error: [Callstack] 0x00007ffb16c0b106 UE4Editor-RHI.dll!UnknownFunction []
[2018.08.17-11.27.43:133][866]LogWindows: Error: [Callstack] 0x00007ffae9a21b42 UE4Editor-SlateRHIRenderer.dll!UnknownFunction []
[2018.08.17-11.27.43:133][866]LogWindows: Error: [Callstack] 0x00007ffae9a27d0a UE4Editor-SlateRHIRenderer.dll!UnknownFunction []
[2018.08.17-11.27.43:133][866]LogWindows: Error: [Callstack] 0x00007ffada0f1f92 UE4Editor-Core.dll!UnknownFunction []
[2018.08.17-11.27.43:133][866]LogWindows: Error: [Callstack] 0x00007ffada0f2456 UE4Editor-Core.dll!UnknownFunction []
[2018.08.17-11.27.43:133][866]LogWindows: Error: [Callstack] 0x00007ffb16d175f9 UE4Editor-RenderCore.dll!UnknownFunction []
[2018.08.17-11.27.43:133][866]LogWindows: Error: [Callstack] 0x00007ffb16d18574 UE4Editor-RenderCore.dll!UnknownFunction []
[2018.08.17-11.27.43:133][866]LogWindows: Error: [Callstack] 0x00007ffada536abc UE4Editor-Core.dll!UnknownFunction []
[2018.08.17-11.27.43:133][866]LogWindows: Error: [Callstack] 0x00007ffada531707 UE4Editor-Core.dll!UnknownFunction []
[2018.08.17-11.27.43:133][866]LogWindows: Error: [Callstack] 0x00007ffb2d531fe4 KERNEL32.DLL!UnknownFunction []
[2018.08.17-11.27.43:133][866]LogWindows: Error: [Callstack] 0x00007ffb2dc5f061 ntdll.dll!UnknownFunction []
[2018.08.17-11.27.43:133][866]LogWindows: Error: 
[2018.08.17-11.27.43:133][866]LogWindows: Error: 
[2018.08.17-11.27.43:133][866]LogWindows: Error: 
[2018.08.17-11.27.43:133][866]LogWindows: Error: 
[2018.08.17-11.27.43:170][866]LogExit: Executing StaticShutdownAfterError
[2018.08.17-11.27.43:192][866]LogWindows: FPlatformMisc::RequestExit(1)
[2018.08.17-11.27.43:213][866]Log file closed, 08/17/18 16:57:43
