Log file open, 08/18/18 06:10:32
LogWindows: Failed to load 'aqProf.dll' (GetLastError=126)
LogWindows: File 'aqProf.dll' does not exist
LogWindows: Failed to load 'VtuneApi.dll' (GetLastError=126)
LogWindows: File 'VtuneApi.dll' does not exist
LogWindows: Failed to load 'VtuneApi32e.dll' (GetLastError=126)
LogWindows: File 'VtuneApi32e.dll' does not exist
LogInit: Display: Running engine for game: GermBeat
LogPlatformFile: Not using cached read wrapper
LogTaskGraph: Started task graph with 5 named threads and 23 total threads with 3 sets of task threads.
LogStats: Stats thread started at 0.679474
LogD3D11RHI: Loaded GFSDK_Aftermath_Lib.x64.dll
LogICUInternationalization: Display: ICU TimeZone Detection - Raw Offset: -5:00, Platform Override: ''
LogPluginManager: Mounting plugin Paper2D
LogPluginManager: Mounting plugin AISupport
LogPluginManager: Mounting plugin LightPropagationVolume
LogPluginManager: Mounting plugin CLionSourceCodeAccess
LogPluginManager: Mounting plugin CodeLiteSourceCodeAccess
LogPluginManager: Mounting plugin GitSourceControl
LogPluginManager: Mounting plugin KDevelopSourceCodeAccess
LogPluginManager: Mounting plugin NullSourceCodeAccess
LogPluginManager: Mounting plugin PerforceSourceControl
LogPluginManager: Mounting plugin SubversionSourceControl
LogPluginManager: Mounting plugin UObjectPlugin
LogPluginManager: Mounting plugin VisualStudioCodeSourceCodeAccess
LogPluginManager: Mounting plugin VisualStudioSourceCodeAccess
LogPluginManager: Mounting plugin XCodeSourceCodeAccess
LogPluginManager: Mounting plugin AssetManagerEditor
LogPluginManager: Mounting plugin CryptoKeys
LogPluginManager: Mounting plugin DataValidation
LogPluginManager: Mounting plugin FacialAnimation
LogPluginManager: Mounting plugin GameplayTagsEditor
LogPluginManager: Mounting plugin MacGraphicsSwitching
LogPluginManager: Mounting plugin MeshEditor
LogPluginManager: Mounting plugin MobileLauncherProfileWizard
LogPluginManager: Mounting plugin PluginBrowser
LogPluginManager: Mounting plugin SpeedTreeImporter
LogPluginManager: Mounting plugin DatasmithContent
LogPluginManager: Mounting plugin AlembicImporter
LogPluginManager: Mounting plugin AppleImageUtils
LogPluginManager: Mounting plugin AppleVision
LogPluginManager: Mounting plugin BackChannel
LogPluginManager: Mounting plugin CharacterAI
LogPluginManager: Mounting plugin GeometryCache
LogPluginManager: Mounting plugin HTML5Networking
LogPluginManager: Mounting plugin ProxyLODPlugin
LogPluginManager: Mounting plugin MagicLeap
LogPluginManager: Mounting plugin MagicLeapEmulator
LogPluginManager: Mounting plugin MagicLeapMedia
LogPluginManager: Mounting plugin AndroidMedia
LogPluginManager: Mounting plugin AvfMedia
LogPluginManager: Mounting plugin ImgMedia
LogPluginManager: Mounting plugin LinearTimecode
LogPluginManager: Mounting plugin MediaCompositing
LogPluginManager: Mounting plugin MediaPlayerEditor
LogPluginManager: Mounting plugin WmfMedia
LogPluginManager: Mounting plugin TcpMessaging
LogPluginManager: Mounting plugin UdpMessaging
LogPluginManager: Mounting plugin ActorSequence
LogPluginManager: Mounting plugin LevelSequenceEditor
LogPluginManager: Mounting plugin MatineeToLevelSequence
LogPluginManager: Mounting plugin NetcodeUnitTest
LogPluginManager: Mounting plugin NUTUnrealEngine4
LogPluginManager: Mounting plugin OnlineSubsystemGooglePlay
LogPluginManager: Mounting plugin OnlineSubsystemIOS
LogPluginManager: Mounting plugin OnlineSubsystem
LogPluginManager: Mounting plugin OnlineSubsystemNull
LogPluginManager: Mounting plugin OnlineSubsystemUtils
LogPluginManager: Mounting plugin LauncherChunkInstaller
LogPluginManager: Mounting plugin AndroidDeviceProfileSelector
LogPluginManager: Mounting plugin AndroidMoviePlayer
LogPluginManager: Mounting plugin AndroidPermission
LogPluginManager: Mounting plugin AppleMoviePlayer
LogPluginManager: Mounting plugin ArchVisCharacter
LogPluginManager: Mounting plugin AudioCapture
LogPluginManager: Mounting plugin CableComponent
LogPluginManager: Mounting plugin CustomMeshComponent
LogPluginManager: Mounting plugin EditableMesh
LogPluginManager: Mounting plugin ExampleDeviceProfileSelector
LogPluginManager: Mounting plugin GoogleCloudMessaging
LogPluginManager: Mounting plugin ImmediatePhysics
LogPluginManager: Mounting plugin IOSDeviceProfileSelector
LogPluginManager: Mounting plugin LinuxDeviceProfileSelector
LogPluginManager: Mounting plugin LocationServicesBPLibrary
LogPluginManager: Mounting plugin MobilePatchingUtils
LogPluginManager: Mounting plugin OculusVR
LogPluginManager: Plugin shader directory ../../../Engine/Plugins/Runtime/Oculus/OculusVR/Shaders found
LogPluginManager: Mapping shader source directory ../../../Engine/Plugins/Runtime/Oculus/OculusVR/Shaders to virtual directory /Plugin/OculusVR
LogPluginManager: Mounting plugin PhysXVehicles
LogPluginManager: Mounting plugin ProceduralMeshComponent
LogPluginManager: Mounting plugin RuntimePhysXCooking
LogPluginManager: Mounting plugin SteamVR
LogPluginManager: Mounting plugin WindowsMoviePlayer
LogStreaming: Display: Took  0.395s to configure plugins.
LogInit: Using libcurl 7.55.1-DEV
LogInit:  - built for x86_64-pc-win32
LogInit:  - supports SSL with OpenSSL/1.0.2h
LogInit:  - supports HTTP deflate (compression) using libz 1.2.8
LogInit:  - other features:
LogInit:      CURL_VERSION_SSL
LogInit:      CURL_VERSION_LIBZ
LogInit:      CURL_VERSION_IPV6
LogInit:      CURL_VERSION_ASYNCHDNS
LogInit:      CURL_VERSION_LARGEFILE
LogInit:      CURL_VERSION_IDN
LogInit:  CurlRequestOptions (configurable via config and command line):
LogInit:  - bVerifyPeer = false  - Libcurl will NOT verify peer certificate
LogInit:  - bUseHttpProxy = false  - Libcurl will NOT use HTTP proxy
LogInit:  - bDontReuseConnections = false  - Libcurl will reuse connections
LogInit:  - CertBundlePath = nullptr  - Libcurl will use whatever was configured at build time.
LogInit:  - MaxHostConnections = 16  - Libcurl will limit the number of connections to a host
LogInit:  - LocalHostAddr = Default
LogInit:  - BufferSize = 65536
LogInit: WinSock: version 1.1 (2.2), MaxSocks=32767, MaxUdp=65467
LogHMD: Failed initializing OVRPlugin 1.25.0
LogInit: Build: ++UE4+Release-4.20-CL-4233996
LogInit: Engine Version: 4.20.1-4233996+++UE4+Release-4.20
LogInit: Compatible Engine Version: 4.20.0-4212847+++UE4+Release-4.20
LogInit: Net CL: 4212847
LogInit: OS: Windows 10 (), CPU: Intel(R) Core(TM) i7-4720HQ CPU @ 2.60GHz, GPU: Intel(R) HD Graphics 4600
LogInit: Compiled (64-bit): Jul 26 2018 10:07:30
LogInit: Compiled with Visual C++: 19.13.26129.00
LogInit: Build Configuration: Development
LogInit: Branch Name: ++UE4+Release-4.20
LogInit: Command Line:  
LogInit: Base Directory: C:/Program Files (x86)/Epic Games/UE_4.20/Engine/Binaries/Win64/
LogInit: Installed Engine Build: 1
LogDevObjectVersion: Number of dev versions registered: 20
LogDevObjectVersion:   Dev-Blueprints (B0D832E4-1F89-4F0D-ACCF-7EB736FD4AA2): 10
LogDevObjectVersion:   Dev-Build (E1C64328-A22C-4D53-A36C-8E866417BD8C): 0
LogDevObjectVersion:   Dev-Core (375EC13C-06E4-48FB-B500-84F0262A717E): 2
LogDevObjectVersion:   Dev-Editor (E4B068ED-F494-42E9-A231-DA0B2E46BB41): 24
LogDevObjectVersion:   Dev-Framework (CFFC743F-43B0-4480-9391-14DF171D2073): 34
LogDevObjectVersion:   Dev-Mobile (B02B49B5-BB20-44E9-A304-32B752E40360): 2
LogDevObjectVersion:   Dev-Networking (A4E4105C-59A1-49B5-A7C5-40C4547EDFEE): 0
LogDevObjectVersion:   Dev-Online (39C831C9-5AE6-47DC-9A44-9C173E1C8E7C): 0
LogDevObjectVersion:   Dev-Physics (78F01B33-EBEA-4F98-B9B4-84EACCB95AA2): 0
LogDevObjectVersion:   Dev-Platform (6631380F-2D4D-43E0-8009-CF276956A95A): 0
LogDevObjectVersion:   Dev-Rendering (12F88B9F-8875-4AFC-A67C-D90C383ABD29): 26
LogDevObjectVersion:   Dev-Sequencer (7B5AE74C-D270-4C10-A958-57980B212A5A): 9
LogDevObjectVersion:   Dev-VR (D7296918-1DD6-4BDD-9DE2-64A83CC13884): 2
LogDevObjectVersion:   Dev-LoadTimes (C2A15278-BFE7-4AFE-6C17-90FF531DF755): 1
LogDevObjectVersion:   Private-Geometry (6EACA3D4-40EC-4CC1-B786-8BED09428FC5): 3
LogDevObjectVersion:   Dev-AnimPhys (29E575DD-E0A3-4627-9D10-D276232CDCEA): 17
LogDevObjectVersion:   Dev-ReflectionCapture (6B266CEC-1EC7-4B8F-A30B-E4D90942FC07): 1
LogDevObjectVersion:   Dev-Automation (0DF73D61-A23F-47EA-B727-89E90C41499A): 1
LogDevObjectVersion:   FortniteMain (601D1886-AC64-4F84-AA16-D3DE0DEAC7D6): 12
LogDevObjectVersion:   Dev-Enterprise (9DFFBCD6-494F-0158-E221-12823C92A888): 1
LogStreaming: Display: Took  0.016s to delete old logs.
LogInit: Presizing for max 8388607 objects, including 0 objects not considered by GC, pre-allocating 0 bytes for permanent pool.
LogInit: Object subsystem initialized
[2018.08.18-10.10.37:641][  0]LogInit: Selected Device Profile: [Windows]
[2018.08.18-10.10.37:641][  0]LogInit: Applying CVar settings loaded from the selected device profile: [Windows]
[2018.08.18-10.10.37:789][  0]LogHAL: Display: Platform has ~ 8 GB [8509480960 / 8589934592 / 8], which maps to Default [LargestMinGB=32, LargerMinGB=12, DefaultMinGB=8, SmallerMinGB=6, SmallestMinGB=0)
[2018.08.18-10.10.37:853][  0]LogInit: Setting Device Profile CVar: [[r.Vulkan.UseRealUBs:1]]
[2018.08.18-10.10.37:880][  0]LogInit: Going up to parent DeviceProfile []
[2018.08.18-10.10.37:954][  0]LogInit: Computer: ACER
[2018.08.18-10.10.37:954][  0]LogInit: User: GEORGE
[2018.08.18-10.10.37:954][  0]LogInit: CPU Page size=4096, Cores=4
[2018.08.18-10.10.37:954][  0]LogInit: High frequency timer resolution =2.533205 MHz
[2018.08.18-10.10.37:954][  0]LogMemory: Memory total: Physical=7.9GB (8GB approx)
[2018.08.18-10.10.37:954][  0]LogMemory: Platform Memory Stats for Windows
[2018.08.18-10.10.37:954][  0]LogMemory: Process Physical Memory: 101.76 MB used, 101.76 MB peak
[2018.08.18-10.10.37:954][  0]LogMemory: Process Virtual Memory: 92.11 MB used, 92.11 MB peak
[2018.08.18-10.10.37:954][  0]LogMemory: Physical Memory: 3785.30 MB used,  4329.98 MB free, 8115.27 MB total
[2018.08.18-10.10.37:954][  0]LogMemory: Virtual Memory: 4648.94 MB used,  4329.98 MB free, 134217728.00 MB total
[2018.08.18-10.10.39:114][  0]LogInit: Using OS detected language (en-US).
[2018.08.18-10.10.39:114][  0]LogInit: Using OS detected locale (en-US).
[2018.08.18-10.10.39:207][  0]LogTextLocalizationManager: No specific localization for 'en-US' exists, so the 'en' localization will be used.
[2018.08.18-10.10.40:578][  0]LogStreaming: Display: Took  1.470s to InitEngineTextLocalization.
[2018.08.18-10.10.40:592][  0]LogInit: Setting process to per monitor DPI aware
[2018.08.18-10.10.41:385][  0]LogSlate: New Slate User Created.  User Index 0, Is Virtual User: 0
[2018.08.18-10.10.41:385][  0]LogSlate: Slate User Registered.  User Index 0, Is Virtual User: 0
[2018.08.18-10.10.49:239][  0]LogHMD: Failed to initialize OpenVR with code 110
[2018.08.18-10.10.49:239][  0]LogD3D11RHI: D3D11 adapters:
[2018.08.18-10.10.49:384][  0]LogD3D11RHI:    0. 'NVIDIA GeForce GTX 860M' (Feature Level 11_0)
[2018.08.18-10.10.49:384][  0]LogD3D11RHI:       4065/0/4057 MB DedicatedVideo/DedicatedSystem/SharedSystem, Outputs:1, VendorId:0x10de
[2018.08.18-10.10.49:399][  0]LogD3D11RHI:    1. 'Intel(R) HD Graphics 4600' (Feature Level 11_0)
[2018.08.18-10.10.49:399][  0]LogD3D11RHI:       112/0/2048 MB DedicatedVideo/DedicatedSystem/SharedSystem, Outputs:0, VendorId:0x8086
[2018.08.18-10.10.49:403][  0]LogD3D11RHI:    2. 'Microsoft Basic Render Driver' (Feature Level 11_0)
[2018.08.18-10.10.49:403][  0]LogD3D11RHI:       0/0/4057 MB DedicatedVideo/DedicatedSystem/SharedSystem, Outputs:0, VendorId:0x1414
[2018.08.18-10.10.49:403][  0]LogD3D11RHI: Chosen D3D11 Adapter: 0
[2018.08.18-10.10.49:459][  0]LogD3D11RHI: Creating new Direct3DDevice
[2018.08.18-10.10.49:459][  0]LogD3D11RHI:     GPU DeviceId: 0x1392 (for the marketing name, search the web for "GPU Device Id")
[2018.08.18-10.10.49:473][  0]LogWindows: EnumDisplayDevices:
[2018.08.18-10.10.49:474][  0]LogWindows:    0. 'Intel(R) HD Graphics 4600' (P:1 D:1)
[2018.08.18-10.10.49:474][  0]LogWindows:    1. 'Intel(R) HD Graphics 4600' (P:0 D:0)
[2018.08.18-10.10.49:474][  0]LogWindows:    2. 'Intel(R) HD Graphics 4600' (P:0 D:0)
[2018.08.18-10.10.49:474][  0]LogWindows: DebugString: PrimaryIsNotTheChoosenAdapter PrimaryIsNotTheChoosenAdapter PrimaryIsNotTheChoosenAdapter FoundDriverCount:0 
[2018.08.18-10.10.49:475][  0]LogD3D11RHI:     Adapter Name: NVIDIA GeForce GTX 860M
[2018.08.18-10.10.49:475][  0]LogD3D11RHI:   Driver Version: Unknown (internal:Unknown, unified:Unknown)
[2018.08.18-10.10.49:475][  0]LogD3D11RHI:      Driver Date: Unknown
[2018.08.18-10.10.49:475][  0]LogRHI: Texture pool is 2846 MB (70% of 4065 MB)
[2018.08.18-10.10.49:564][  0]LogD3D11RHI: Async texture creation enabled
[2018.08.18-10.10.49:946][  0]LogD3D11RHI: GPU Timing Frequency: 1000.000000 (Debug: 2 1)
[2018.08.18-10.10.50:092][  0]LogShaderCompilers: Guid format shader working directory is -41 characters bigger than the processId version (../../../../../../Users/GEORGE/Documents/Projects/Unreal 4.20/GermBeat/GermWar/GermBeat/Intermediate/Shaders/WorkingDirectory/12484/).
[2018.08.18-10.10.50:092][  0]LogShaderCompilers: Cleaned the shader compiler working directory 'C:/Users/GEORGE/AppData/Local/Temp/UnrealShaderWorkingDir/E9603AA44B63EE9D51CA649AE7962BB5/'.
[2018.08.18-10.10.51:659][  0]LogTemp: Display: Loaded TP AllDesktopTargetPlatform
[2018.08.18-10.10.51:701][  0]LogTemp: Display: Loaded TP MacClientTargetPlatform
[2018.08.18-10.10.51:731][  0]LogTemp: Display: Loaded TP MacNoEditorTargetPlatform
[2018.08.18-10.10.51:781][  0]LogTemp: Display: Loaded TP MacServerTargetPlatform
[2018.08.18-10.10.51:852][  0]LogTemp: Display: Loaded TP MacTargetPlatform
[2018.08.18-10.10.52:018][  0]LogTemp: Display: Loaded TP WindowsClientTargetPlatform
[2018.08.18-10.10.52:095][  0]LogTemp: Display: Loaded TP WindowsNoEditorTargetPlatform
[2018.08.18-10.10.52:126][  0]LogTemp: Display: Loaded TP WindowsServerTargetPlatform
[2018.08.18-10.10.52:153][  0]LogTemp: Display: Loaded TP WindowsTargetPlatform
[2018.08.18-10.10.52:303][  0]LogTemp: Display: Loaded TP AndroidTargetPlatform
[2018.08.18-10.10.52:303][  0]LogTemp: Display: Loaded TP AndroidTargetPlatform
[2018.08.18-10.10.52:303][  0]LogTemp: Display: Loaded TP AndroidTargetPlatform
[2018.08.18-10.10.52:303][  0]LogTemp: Display: Loaded TP AndroidTargetPlatform
[2018.08.18-10.10.52:303][  0]LogTemp: Display: Loaded TP AndroidTargetPlatform
[2018.08.18-10.10.52:303][  0]LogTemp: Display: Loaded TP AndroidTargetPlatform
[2018.08.18-10.10.52:303][  0]LogTemp: Display: Loaded TP AndroidTargetPlatform
[2018.08.18-10.10.52:303][  0]LogTemp: Display: Loaded TP AndroidTargetPlatform
[2018.08.18-10.10.52:303][  0]LogTemp: Display: Loaded TP AndroidTargetPlatform
[2018.08.18-10.10.52:303][  0]LogTemp: Display: Loaded TP AndroidTargetPlatform
[2018.08.18-10.10.52:303][  0]LogTemp: Display: Loaded TP AndroidTargetPlatform
[2018.08.18-10.10.52:303][  0]LogTemp: Display: Loaded TP AndroidTargetPlatform
[2018.08.18-10.10.52:303][  0]LogTemp: Display: Loaded TP AndroidTargetPlatform
[2018.08.18-10.10.52:303][  0]LogTemp: Display: Loaded TP AndroidTargetPlatform
[2018.08.18-10.10.52:303][  0]LogTemp: Display: Loaded TP AndroidTargetPlatform
[2018.08.18-10.10.52:303][  0]LogTemp: Display: Loaded TP AndroidTargetPlatform
[2018.08.18-10.10.52:303][  0]LogTemp: Display: Loaded TP AndroidTargetPlatform
[2018.08.18-10.10.52:303][  0]LogTemp: Display: Loaded TP AndroidTargetPlatform
[2018.08.18-10.10.52:326][  0]LogTemp: Display: Loaded TP HTML5TargetPlatform
[2018.08.18-10.10.52:510][  0]LogTemp: Display: Loaded TP IOSTargetPlatform
[2018.08.18-10.10.52:510][  0]LogTemp: Display: Loaded TP IOSTargetPlatform
[2018.08.18-10.10.52:558][  0]LogTemp: Display: Loaded TP TVOSTargetPlatform
[2018.08.18-10.10.52:558][  0]LogTemp: Display: Loaded TP TVOSTargetPlatform
[2018.08.18-10.10.52:600][  0]LogTemp: Display: Loaded TP LinuxClientTargetPlatform
[2018.08.18-10.10.52:700][  0]LogTemp: Display: Loaded TP LinuxNoEditorTargetPlatform
[2018.08.18-10.10.52:747][  0]LogTemp: Display: Loaded TP LinuxServerTargetPlatform
[2018.08.18-10.10.52:836][  0]LogTemp: Display: Loaded TP LinuxTargetPlatform
[2018.08.18-10.10.52:890][  0]LogTemp: Display: Loaded TP LuminTargetPlatform
[2018.08.18-10.10.52:890][  0]LogTargetPlatformManager: Display: Building Assets For Windows
[2018.08.18-10.10.54:099][  0]LogXGEController: Cleaning working directory: C:/Users/GEORGE/AppData/Local/Temp/UnrealXGEWorkingDir/
[2018.08.18-10.10.54:099][  0]LogXGEController: Cannot use XGE Controller as Incredibuild is not installed on this machine.
[2018.08.18-10.10.54:099][  0]LogShaderCompilers: Cannot use XGE Shader Compiler as Incredibuild is not installed on this machine.
[2018.08.18-10.10.54:100][  0]LogShaderCompilers: Display: Using Local Shader Compiler.
[2018.08.18-10.10.59:898][  0]LogDerivedDataCache: Display: Max Cache Size: 512 MB
[2018.08.18-10.11.00:976][  0]LogDerivedDataCache: Loaded boot cache 1.05s 71MB C:/Users/GEORGE/AppData/Local/UnrealEngine/4.20/DerivedDataCache/Boot.ddc.
[2018.08.18-10.11.00:977][  0]LogDerivedDataCache: Display: Loaded Boot cache: C:/Users/GEORGE/AppData/Local/UnrealEngine/4.20/DerivedDataCache/Boot.ddc
[2018.08.18-10.11.00:977][  0]LogDerivedDataCache: FDerivedDataBackendGraph:  Pak pak cache file ../../../../../../Users/GEORGE/Documents/Projects/Unreal 4.20/GermBeat/GermWar/GermBeat/DerivedDataCache/DDC.ddp not found, will not use a pak cache.
[2018.08.18-10.11.00:977][  0]LogDerivedDataCache: Unable to find inner node Pak for hierarchical cache Hierarchy.
[2018.08.18-10.11.00:977][  0]LogDerivedDataCache: FDerivedDataBackendGraph:  CompressedPak pak cache file ../../../../../../Users/GEORGE/Documents/Projects/Unreal 4.20/GermBeat/GermWar/GermBeat/DerivedDataCache/Compressed.ddp not found, will not use a pak cache.
[2018.08.18-10.11.00:978][  0]LogDerivedDataCache: Unable to find inner node CompressedPak for hierarchical cache Hierarchy.
[2018.08.18-10.11.01:181][  0]LogDerivedDataCache: Display: Pak cache opened for reading ../../../Engine/DerivedDataCache/Compressed.ddp.
[2018.08.18-10.11.01:228][  0]LogDerivedDataCache: Using Local data cache path C:/Users/GEORGE/AppData/Local/UnrealEngine/Common/DerivedDataCache: Writable
[2018.08.18-10.11.01:228][  0]LogDerivedDataCache: Shared data cache path not found in *engine.ini, will not use an Shared cache.
[2018.08.18-10.11.01:228][  0]LogDerivedDataCache: Unable to find inner node Shared for hierarchical cache Hierarchy.
[2018.08.18-10.11.01:451][  0]LogMaterial: Verifying Global Shaders for PCD3D_SM5
[2018.08.18-10.11.01:561][  0]LogSlate: Using FreeType 2.6.0
[2018.08.18-10.11.01:651][  0]LogSlate: SlateFontServices - WITH_FREETYPE: 1, WITH_HARFBUZZ: 1
[2018.08.18-10.11.04:623][  0]LogAssetRegistry: FAssetRegistry took 0.0309 seconds to start up
[2018.08.18-10.11.14:296][  0]LogInit: Selected Device Profile: [Windows]
[2018.08.18-10.11.18:286][  0]LogSimplygon: Simplygon DLL not present - disabling.
[2018.08.18-10.11.18:549][  0]LogMeshReduction: Using SimplygonSwarm for distributed automatic mesh merging
[2018.08.18-10.11.18:549][  0]LogMeshReduction: Using ProxyLODMeshReduction for automatic mesh merging
[2018.08.18-10.11.18:567][  0]LogMeshReduction: Using QuadricMeshReduction for automatic static mesh reduction
[2018.08.18-10.11.18:567][  0]LogMeshReduction: No automatic skeletal mesh reduction module available
[2018.08.18-10.11.19:506][  0]LogNetVersion: GermBeat 1.0.0, NetCL: 4212847, EngineNetVer: 5, GameNetVer: 0 (Checksum: 695920693)
[2018.08.18-10.11.28:337][  0]LogPackageLocalizationCache: Processed 11 localized package path(s) for 2 prioritized culture(s) in 0.206440 seconds
[2018.08.18-10.11.28:413][  0]LogUObjectArray: 38425 objects as part of root set at end of initial load.
[2018.08.18-10.11.28:413][  0]LogUObjectAllocator: 6690864 out of 0 bytes used by permanent object pool.
[2018.08.18-10.11.28:413][  0]LogUObjectArray: CloseDisregardForGC: 0/0 objects in disregard for GC pool
[2018.08.18-10.12.11:177][  0]LogTcpMessaging: Initializing TcpMessaging bridge
[2018.08.18-10.12.11:250][  0]LogUdpMessaging: Initializing bridge on interface 0.0.0.0:0 to multicast group 230.0.0.1:6666.
[2018.08.18-10.12.14:440][  0]SourceControl: Source control is disabled
[2018.08.18-10.12.14:445][  0]SourceControl: Source control is disabled
[2018.08.18-10.12.14:561][  0]SourceControl: Source control is disabled
[2018.08.18-10.12.14:601][  0]SourceControl: Source control is disabled
[2018.08.18-10.12.17:019][  0]LogAndroidPermission: UAndroidPermissionCallbackProxy::GetInstance
[2018.08.18-10.12.17:500][  0]LogOcInput: OculusInput pre-init called
[2018.08.18-10.12.18:758][  0]LogEngine: Initializing Engine...
[2018.08.18-10.12.18:797][  0]LogHMD: Failed to initialize OpenVR with code 110
[2018.08.18-10.12.18:832][  0]LogStats: UGameplayTagsManager::ConstructGameplayTagTree: ImportINI prefixes -  0.000 s
[2018.08.18-10.12.18:832][  0]LogStats: UGameplayTagsManager::ConstructGameplayTagTree: Construct from data asset -  0.000 s
[2018.08.18-10.12.18:832][  0]LogStats: UGameplayTagsManager::ConstructGameplayTagTree: ImportINI -  0.000 s
[2018.08.18-10.12.18:833][  0]LogStats: UGameplayTagsManager::ConstructGameplayTagTree: GameplayTagTreeChangedEvent.Broadcast -  0.000 s
[2018.08.18-10.12.24:169][  0]LogInit: Initializing FReadOnlyCVARCache
[2018.08.18-10.12.25:833][  0]LogAIModule: Creating AISystem for world Untitled
[2018.08.18-10.12.26:782][  0]LogInit: XAudio2 using 'Speakers (Realtek High Definition Audio)' : 2 channels at 48 kHz using 32 bits per sample (channel mask 0x3)
[2018.08.18-10.12.27:112][  0]LogInit: FAudioDevice initialized.
[2018.08.18-10.12.27:112][  0]LogNetVersion: Set ProjectVersion to 1.0.0.0. Version Checksum will be recalculated on next use.
[2018.08.18-10.12.28:083][  0]LogDerivedDataCache: Saved boot cache 0.97s 71MB C:/Users/GEORGE/AppData/Local/UnrealEngine/4.20/DerivedDataCache/Boot.ddc.
[2018.08.18-10.12.28:114][  0]LogInit: Texture streaming: Enabled
[2018.08.18-10.12.28:922][  0]LogEngineSessionManager: EngineSessionManager initialized
[2018.08.18-10.12.29:187][  0]LogInit: Transaction tracking system initialized
[2018.08.18-10.12.31:143][  0]BlueprintLog: New page: Editor Load
[2018.08.18-10.12.37:149][  0]LocalizationService: Localization service is disabled
[2018.08.18-10.12.45:052][  0]LogFileCache: Scanning file cache for directory 'C:/Users/GEORGE/Documents/Projects/Unreal 4.20/GermBeat/GermWar/GermBeat/Content/' took 0.04s
[2018.08.18-10.12.45:052][  0]LogCook: Display: Max memory allowance for cook 16384mb min free memory 0mb
[2018.08.18-10.12.45:093][  0]LogCook: Display: Mobile HDR setting 1
[2018.08.18-10.12.45:100][  0]LogGameplayTags: Display: UGameplayTagsManager::DoneAddingNativeTags. DelegateIsBound: 0
[2018.08.18-10.12.45:101][  0]LogStats: UGameplayTagsManager::ConstructGameplayTagTree: ImportINI prefixes -  0.000 s
[2018.08.18-10.12.45:101][  0]LogStats: UGameplayTagsManager::ConstructGameplayTagTree: Construct from data asset -  0.000 s
[2018.08.18-10.12.45:102][  0]LogStats: UGameplayTagsManager::ConstructGameplayTagTree: ImportINI -  0.000 s
[2018.08.18-10.12.45:102][  0]LogStats: UGameplayTagsManager::ConstructGameplayTagTree: GameplayTagTreeChangedEvent.Broadcast -  0.000 s
[2018.08.18-10.12.48:559][  0]SourceControl: Source control is disabled
[2018.08.18-10.12.48:578][  0]Cmd: MAP LOAD FILE="../../../../../../Users/GEORGE/Documents/Projects/Unreal 4.20/GermBeat/GermWar/GermBeat/Content/TwinStickBP/Maps/TwinStickExampleMap.umap" TEMPLATE=0 SHOWPROGRESS=1 FEATURELEVEL=3
[2018.08.18-10.12.48:709][  0]LightingResults: New page: Lighting Build
[2018.08.18-10.12.48:911][  0]MapCheck: New page: Map Check
[2018.08.18-10.12.48:911][  0]LightingResults: New page: Lighting Build
[2018.08.18-10.12.52:947][  0]LogAIModule: Creating AISystem for world TwinStickExampleMap
[2018.08.18-10.12.54:073][  0]LogEditorServer: Finished looking for orphan Actors (0.000 secs)
[2018.08.18-10.12.54:323][  0]Cmd: MAP CHECKDEP NOCLEARLOG
[2018.08.18-10.12.54:446][  0]MapCheck: Map check complete: 0 Error(s), 0 Warning(s), took 122.54ms to complete.
[2018.08.18-10.12.54:446][  0]LogFileHelpers: Loading map 'TwinStickExampleMap' took 5.876
[2018.08.18-10.12.55:915][  0]LogSlate: Updating window title bar state: overlay mode, drag disabled, window buttons hidden, title bar hidden
[2018.08.18-10.12.55:959][  0]LogSlate: Updating window title bar state: overlay mode, drag disabled, window buttons hidden, title bar hidden
[2018.08.18-10.12.55:971][  0]LogSlate: Updating window title bar state: overlay mode, drag disabled, window buttons hidden, title bar hidden
[2018.08.18-10.12.55:980][  0]LogSlate: Updating window title bar state: overlay mode, drag disabled, window buttons hidden, title bar hidden
[2018.08.18-10.12.56:130][  0]LogCollectionManager: Loaded 0 collections in 0.005417 seconds
[2018.08.18-10.12.56:263][  0]LogFileCache: Scanning file cache for directory 'C:/Users/GEORGE/Documents/Projects/Unreal 4.20/GermBeat/GermWar/GermBeat/Saved/Collections/' took 0.01s
[2018.08.18-10.12.56:263][  0]LogFileCache: Scanning file cache for directory 'C:/Users/GEORGE/Documents/Projects/Unreal 4.20/GermBeat/GermWar/GermBeat/Content/Developers/GEORGE/Collections/' took 0.01s
[2018.08.18-10.12.56:263][  0]LogFileCache: Scanning file cache for directory 'C:/Users/GEORGE/Documents/Projects/Unreal 4.20/GermBeat/GermWar/GermBeat/Content/Collections/' took 0.01s
[2018.08.18-10.12.56:263][  0]LogCollectionManager: Rebuilt the GUID cache for 0 collections in 0.000000 seconds
[2018.08.18-10.12.56:288][  0]LogContentBrowser: Native class hierarchy populated in 0.0249 seconds. Added 2572 classes and 603 folders.
[2018.08.18-10.12.56:379][  0]LogContentBrowser: Native class hierarchy updated for 'WidgetCarousel' in 0.0004 seconds. Added 0 classes and 0 folders.
[2018.08.18-10.12.58:179][  0]LogContentBrowser: Native class hierarchy updated for 'AddContentDialog' in 0.0009 seconds. Added 0 classes and 0 folders.
[2018.08.18-10.12.58:248][  0]LogContentBrowser: Native class hierarchy updated for 'SceneOutliner' in 0.0006 seconds. Added 1 classes and 2 folders.
[2018.08.18-10.13.05:504][  0]LogTemp: Executing iPhonePackager certificates Engine -bundlename com.YourCompany.GermBeat
[2018.08.18-10.13.05:504][  0]LogTemp: CWD: C:\Program Files (x86)\Epic Games\UE_4.20\Engine\Binaries\DotNET\IOS
[2018.08.18-10.13.05:504][  0]LogTemp: Initial Dir: C:\Program Files (x86)\Epic Games\UE_4.20
[2018.08.18-10.13.05:504][  0]LogTemp: Env CWD: C:\Program Files (x86)\Epic Games\UE_4.20\Engine\Binaries\DotNET\IOS
[2018.08.18-10.13.05:504][  0]LogTemp: BranchPath = ACER/C/Program Files (x86)/Epic Games/UE_4.20/Engine/Binaries --- GameBranchPath = ACER/C/Program Files (x86)/Epic Games/UE_4.20/Engine/Binaries
[2018.08.18-10.13.05:504][  0]LogSlate: Only BGRA pngs, bmps or icos are supported in by External Image Picker
[2018.08.18-10.13.05:705][  0]LogTemp: IPP ERROR: Could not find provision directory 'C:\Users\GEORGE\AppData\Local/Apple Computer/MobileDevice/Provisioning Profiles/'.
[2018.08.18-10.13.05:807][  0]LogContentBrowser: Native class hierarchy updated for 'HierarchicalLODOutliner' in 0.0013 seconds. Added 0 classes and 0 folders.
[2018.08.18-10.13.05:808][  0]LogLoad: (Engine Initialization) Total time: 166.34 seconds
[2018.08.18-10.13.05:808][  0]LogLoad: (Engine Initialization) Total Blueprint compile time: 0.00 seconds
[2018.08.18-10.13.06:349][  0]LogRenderer: Reallocating scene render targets to support 64x64 Format 10 NumSamples 1 (Frame:1).
[2018.08.18-10.13.06:349][  0]LogContentStreaming: Texture pool size now 3000 MB
[2018.08.18-10.13.06:536][  0]LogSlate: Took 0.083739 seconds to synchronously load lazily loaded font '../../../Engine/Content/Slate/Fonts/Roboto-Regular.ttf' (155K)
[2018.08.18-10.13.06:625][  0]LogSlate: Took 0.059939 seconds to synchronously load lazily loaded font '../../../Engine/Content/Slate/Fonts/Roboto-Bold.ttf' (160K)
[2018.08.18-10.13.06:927][  0]LogSlate: Took 0.233016 seconds to synchronously load lazily loaded font '../../../Engine/Content/Editor/Slate/Fonts/FontAwesome.ttf' (139K)
[2018.08.18-10.13.08:361][  0]LogRenderer: Reallocating scene render targets to support 804x360 Format 10 NumSamples 1 (Frame:1).
[2018.08.18-10.13.08:361][  0]LogSlate: Took 0.065543 seconds to synchronously load lazily loaded font '../../../Engine/Content/Slate/Fonts/Roboto-Light.ttf' (167K)
[2018.08.18-10.13.09:075][  4]LogAssetRegistry: Asset discovery search completed in 124.4754 seconds
[2018.08.18-10.13.09:078][  4]LogCollectionManager: Rebuilt the object cache for 0 collections in 0.000000 seconds (found 0 objects)
[2018.08.18-10.13.09:078][  4]LogCollectionManager: Fixed up redirectors for 0 collections in 0.000077 seconds (updated 0 objects)
[2018.08.18-10.16.41:407][723]LogSlate: FSceneViewport::OnFocusLost() reason 0
[2018.08.18-10.16.41:621][736]LogSlate: Window 'Project Settings' being destroyed
[2018.08.18-10.16.41:624][736]LogSlate: Window 'Project Settings' being destroyed
[2018.08.18-10.16.43:334][836]LogSlate: FSceneViewport::OnFocusLost() reason 0
[2018.08.18-10.16.43:667][848]LogRenderer: Reallocating scene render targets to support 1208x576 Format 10 NumSamples 1 (Frame:194).
[2018.08.18-10.16.47:430][ 69]LogTemp: Repeating last play command: New Editor Window (PIE)
[2018.08.18-10.16.47:474][ 69]LogBlueprintUserMessages: Early PlayInEditor Detection: Level '/Game/TwinStickBP/Maps/TwinStickExampleMap.TwinStickExampleMap:PersistentLevel' has LevelScriptBlueprint '/Game/TwinStickBP/Maps/TwinStickExampleMap.TwinStickExampleMap:PersistentLevel.TwinStickExampleMap' with GeneratedClass '/Game/TwinStickBP/Maps/TwinStickExampleMap.TwinStickExampleMap_C' with ClassGeneratedBy '/Game/TwinStickBP/Maps/TwinStickExampleMap.TwinStickExampleMap:PersistentLevel.TwinStickExampleMap'
[2018.08.18-10.16.47:475][ 69]LogPlayLevel: PlayLevel: No blueprints needed recompiling
[2018.08.18-10.16.47:534][ 69]PIE: New page: PIE session: TwinStickExampleMap (Aug 18, 2018, 2:16:47 AM)
[2018.08.18-10.16.47:534][ 69]LogPlayLevel: Creating play world package: /Game/TwinStickBP/Maps/UEDPIE_0_TwinStickExampleMap
[2018.08.18-10.16.47:608][ 69]LogPlayLevel: PIE: StaticDuplicateObject took: (0.074100s)
[2018.08.18-10.16.47:631][ 69]LogAIModule: Creating AISystem for world TwinStickExampleMap
[2018.08.18-10.16.47:632][ 69]LogPlayLevel: PIE: World Init took: (0.002810s)
[2018.08.18-10.16.47:632][ 69]LogPlayLevel: PIE: Created PIE world by copying editor world from /Game/TwinStickBP/Maps/TwinStickExampleMap.TwinStickExampleMap to /Game/TwinStickBP/Maps/UEDPIE_0_TwinStickExampleMap.TwinStickExampleMap (0.097871s)
[2018.08.18-10.16.47:684][ 69]LogInit: XAudio2 using 'Speakers (Realtek High Definition Audio)' : 2 channels at 48 kHz using 32 bits per sample (channel mask 0x3)
[2018.08.18-10.16.47:699][ 69]LogInit: FAudioDevice initialized.
[2018.08.18-10.16.47:733][ 69]LogSlate: Updating window title bar state: overlay mode, drag disabled, window buttons hidden, title bar hidden
[2018.08.18-10.16.47:798][ 69]LogLoad: Game class is 'TwinStickGameMode_C'
[2018.08.18-10.16.47:802][ 69]LogWorld: Bringing World /Game/TwinStickBP/Maps/UEDPIE_0_TwinStickExampleMap.TwinStickExampleMap up for play (max tick rate 60) at 2018.08.18-06.16.47
[2018.08.18-10.16.47:819][ 69]LogWorld: Bringing up level for play took: 0.018199
[2018.08.18-10.16.47:933][ 69]LogContentBrowser: Native class hierarchy updated for 'MovieSceneCapture' in 0.0016 seconds. Added 10 classes and 0 folders.
[2018.08.18-10.16.48:072][ 69]PIE: Play in editor start time for /Game/TwinStickBP/Maps/UEDPIE_0_TwinStickExampleMap 0.958
[2018.08.18-10.16.48:079][ 69]LogBlueprintUserMessages: Late PlayInEditor Detection: Level '/Game/TwinStickBP/Maps/TwinStickExampleMap.TwinStickExampleMap:PersistentLevel' has LevelScriptBlueprint '/Game/TwinStickBP/Maps/TwinStickExampleMap.TwinStickExampleMap:PersistentLevel.TwinStickExampleMap' with GeneratedClass '/Game/TwinStickBP/Maps/TwinStickExampleMap.TwinStickExampleMap_C' with ClassGeneratedBy '/Game/TwinStickBP/Maps/TwinStickExampleMap.TwinStickExampleMap:PersistentLevel.TwinStickExampleMap'
[2018.08.18-10.16.48:483][ 69]LogRenderer: Reallocating scene render targets to support 1292x756 Format 10 NumSamples 1 (Frame:1).
[2018.08.18-10.16.51:045][208]LogBlueprintUserMessages: Early EndPlayMap Detection: Level '/Game/TwinStickBP/Maps/TwinStickExampleMap.TwinStickExampleMap:PersistentLevel' has LevelScriptBlueprint '/Game/TwinStickBP/Maps/TwinStickExampleMap.TwinStickExampleMap:PersistentLevel.TwinStickExampleMap' with GeneratedClass '/Game/TwinStickBP/Maps/TwinStickExampleMap.TwinStickExampleMap_C' with ClassGeneratedBy '/Game/TwinStickBP/Maps/TwinStickExampleMap.TwinStickExampleMap:PersistentLevel.TwinStickExampleMap'
[2018.08.18-10.16.51:050][208]LogSlate: Updating window title bar state: overlay mode, drag disabled, window buttons hidden, title bar hidden
[2018.08.18-10.16.51:067][208]LogSlate: Window 'GermBeat Game Preview Standalone (64-bit/PCD3D_SM5)' being destroyed
[2018.08.18-10.16.51:101][208]LogPlayLevel: Display: Shutting down PIE online subsystems
[2018.08.18-10.16.51:101][208]LogBlueprintUserMessages: Late EndPlayMap Detection: Level '/Game/TwinStickBP/Maps/TwinStickExampleMap.TwinStickExampleMap:PersistentLevel' has LevelScriptBlueprint '/Game/TwinStickBP/Maps/TwinStickExampleMap.TwinStickExampleMap:PersistentLevel.TwinStickExampleMap' with GeneratedClass '/Game/TwinStickBP/Maps/TwinStickExampleMap.TwinStickExampleMap_C' with ClassGeneratedBy '/Game/TwinStickBP/Maps/TwinStickExampleMap.TwinStickExampleMap:PersistentLevel.TwinStickExampleMap'
[2018.08.18-10.16.51:157][210]LogPlayLevel: Display: Destroying online subsystem :Context_2
[2018.08.18-10.16.58:263][636]LogTemp: Repeating last play command: New Editor Window (PIE)
[2018.08.18-10.16.58:279][636]LogBlueprintUserMessages: Early PlayInEditor Detection: Level '/Game/TwinStickBP/Maps/TwinStickExampleMap.TwinStickExampleMap:PersistentLevel' has LevelScriptBlueprint '/Game/TwinStickBP/Maps/TwinStickExampleMap.TwinStickExampleMap:PersistentLevel.TwinStickExampleMap' with GeneratedClass '/Game/TwinStickBP/Maps/TwinStickExampleMap.TwinStickExampleMap_C' with ClassGeneratedBy '/Game/TwinStickBP/Maps/TwinStickExampleMap.TwinStickExampleMap:PersistentLevel.TwinStickExampleMap'
[2018.08.18-10.16.58:279][636]LogPlayLevel: PlayLevel: No blueprints needed recompiling
[2018.08.18-10.16.58:279][636]PIE: New page: PIE session: TwinStickExampleMap (Aug 18, 2018, 2:16:58 AM)
[2018.08.18-10.16.58:279][636]LogPlayLevel: Creating play world package: /Game/TwinStickBP/Maps/UEDPIE_0_TwinStickExampleMap
[2018.08.18-10.16.58:283][636]LogPlayLevel: PIE: StaticDuplicateObject took: (0.003677s)
[2018.08.18-10.16.58:284][636]LogAIModule: Creating AISystem for world TwinStickExampleMap
[2018.08.18-10.16.58:284][636]LogPlayLevel: PIE: World Init took: (0.000964s)
[2018.08.18-10.16.58:284][636]LogPlayLevel: PIE: Created PIE world by copying editor world from /Game/TwinStickBP/Maps/TwinStickExampleMap.TwinStickExampleMap to /Game/TwinStickBP/Maps/UEDPIE_0_TwinStickExampleMap.TwinStickExampleMap (0.004796s)
[2018.08.18-10.16.58:309][636]LogInit: XAudio2 using 'Speakers (Realtek High Definition Audio)' : 2 channels at 48 kHz using 32 bits per sample (channel mask 0x3)
[2018.08.18-10.16.58:321][636]LogInit: FAudioDevice initialized.
[2018.08.18-10.16.58:328][636]LogSlate: Updating window title bar state: overlay mode, drag disabled, window buttons hidden, title bar hidden
[2018.08.18-10.16.58:365][636]LogLoad: Game class is 'TwinStickGameMode_C'
[2018.08.18-10.16.58:367][636]LogWorld: Bringing World /Game/TwinStickBP/Maps/UEDPIE_0_TwinStickExampleMap.TwinStickExampleMap up for play (max tick rate 60) at 2018.08.18-06.16.58
[2018.08.18-10.16.58:367][636]LogWorld: Bringing up level for play took: 0.001364
[2018.08.18-10.16.58:384][636]PIE: Play in editor start time for /Game/TwinStickBP/Maps/UEDPIE_0_TwinStickExampleMap -0.73
[2018.08.18-10.16.58:397][636]LogBlueprintUserMessages: Late PlayInEditor Detection: Level '/Game/TwinStickBP/Maps/TwinStickExampleMap.TwinStickExampleMap:PersistentLevel' has LevelScriptBlueprint '/Game/TwinStickBP/Maps/TwinStickExampleMap.TwinStickExampleMap:PersistentLevel.TwinStickExampleMap' with GeneratedClass '/Game/TwinStickBP/Maps/TwinStickExampleMap.TwinStickExampleMap_C' with ClassGeneratedBy '/Game/TwinStickBP/Maps/TwinStickExampleMap.TwinStickExampleMap:PersistentLevel.TwinStickExampleMap'
[2018.08.18-10.17.00:494][752]LogBlueprintUserMessages: Early EndPlayMap Detection: Level '/Game/TwinStickBP/Maps/TwinStickExampleMap.TwinStickExampleMap:PersistentLevel' has LevelScriptBlueprint '/Game/TwinStickBP/Maps/TwinStickExampleMap.TwinStickExampleMap:PersistentLevel.TwinStickExampleMap' with GeneratedClass '/Game/TwinStickBP/Maps/TwinStickExampleMap.TwinStickExampleMap_C' with ClassGeneratedBy '/Game/TwinStickBP/Maps/TwinStickExampleMap.TwinStickExampleMap:PersistentLevel.TwinStickExampleMap'
[2018.08.18-10.17.00:495][752]LogSlate: Updating window title bar state: overlay mode, drag disabled, window buttons hidden, title bar hidden
[2018.08.18-10.17.00:520][752]LogSlate: Window 'GermBeat Game Preview Standalone (64-bit/PCD3D_SM5)' being destroyed
[2018.08.18-10.17.00:550][752]LogPlayLevel: Display: Shutting down PIE online subsystems
[2018.08.18-10.17.00:550][752]LogBlueprintUserMessages: Late EndPlayMap Detection: Level '/Game/TwinStickBP/Maps/TwinStickExampleMap.TwinStickExampleMap:PersistentLevel' has LevelScriptBlueprint '/Game/TwinStickBP/Maps/TwinStickExampleMap.TwinStickExampleMap:PersistentLevel.TwinStickExampleMap' with GeneratedClass '/Game/TwinStickBP/Maps/TwinStickExampleMap.TwinStickExampleMap_C' with ClassGeneratedBy '/Game/TwinStickBP/Maps/TwinStickExampleMap.TwinStickExampleMap:PersistentLevel.TwinStickExampleMap'
[2018.08.18-10.17.00:597][753]LogPlayLevel: Display: Destroying online subsystem :Context_3
[2018.08.18-10.17.08:109][203]LogTemp: Repeating last play command: New Editor Window (PIE)
[2018.08.18-10.17.08:129][203]LogBlueprintUserMessages: Early PlayInEditor Detection: Level '/Game/TwinStickBP/Maps/TwinStickExampleMap.TwinStickExampleMap:PersistentLevel' has LevelScriptBlueprint '/Game/TwinStickBP/Maps/TwinStickExampleMap.TwinStickExampleMap:PersistentLevel.TwinStickExampleMap' with GeneratedClass '/Game/TwinStickBP/Maps/TwinStickExampleMap.TwinStickExampleMap_C' with ClassGeneratedBy '/Game/TwinStickBP/Maps/TwinStickExampleMap.TwinStickExampleMap:PersistentLevel.TwinStickExampleMap'
[2018.08.18-10.17.08:129][203]LogPlayLevel: PlayLevel: No blueprints needed recompiling
[2018.08.18-10.17.08:129][203]PIE: New page: PIE session: TwinStickExampleMap (Aug 18, 2018, 2:17:08 AM)
[2018.08.18-10.17.08:129][203]LogPlayLevel: Creating play world package: /Game/TwinStickBP/Maps/UEDPIE_0_TwinStickExampleMap
[2018.08.18-10.17.08:133][203]LogPlayLevel: PIE: StaticDuplicateObject took: (0.003915s)
[2018.08.18-10.17.08:134][203]LogAIModule: Creating AISystem for world TwinStickExampleMap
[2018.08.18-10.17.08:134][203]LogPlayLevel: PIE: World Init took: (0.000820s)
[2018.08.18-10.17.08:134][203]LogPlayLevel: PIE: Created PIE world by copying editor world from /Game/TwinStickBP/Maps/TwinStickExampleMap.TwinStickExampleMap to /Game/TwinStickBP/Maps/UEDPIE_0_TwinStickExampleMap.TwinStickExampleMap (0.004895s)
[2018.08.18-10.17.08:157][203]LogInit: XAudio2 using 'Speakers (Realtek High Definition Audio)' : 2 channels at 48 kHz using 32 bits per sample (channel mask 0x3)
[2018.08.18-10.17.08:170][203]LogInit: FAudioDevice initialized.
[2018.08.18-10.17.08:178][203]LogSlate: Updating window title bar state: overlay mode, drag disabled, window buttons hidden, title bar hidden
[2018.08.18-10.17.08:213][203]LogLoad: Game class is 'TwinStickGameMode_C'
[2018.08.18-10.17.08:215][203]LogWorld: Bringing World /Game/TwinStickBP/Maps/UEDPIE_0_TwinStickExampleMap.TwinStickExampleMap up for play (max tick rate 60) at 2018.08.18-06.17.08
[2018.08.18-10.17.08:215][203]LogWorld: Bringing up level for play took: 0.001221
[2018.08.18-10.17.08:234][203]PIE: Play in editor start time for /Game/TwinStickBP/Maps/UEDPIE_0_TwinStickExampleMap -0.88
[2018.08.18-10.17.08:234][203]LogBlueprintUserMessages: Late PlayInEditor Detection: Level '/Game/TwinStickBP/Maps/TwinStickExampleMap.TwinStickExampleMap:PersistentLevel' has LevelScriptBlueprint '/Game/TwinStickBP/Maps/TwinStickExampleMap.TwinStickExampleMap:PersistentLevel.TwinStickExampleMap' with GeneratedClass '/Game/TwinStickBP/Maps/TwinStickExampleMap.TwinStickExampleMap_C' with ClassGeneratedBy '/Game/TwinStickBP/Maps/TwinStickExampleMap.TwinStickExampleMap:PersistentLevel.TwinStickExampleMap'
[2018.08.18-10.17.11:439][390]LogBlueprintUserMessages: Early EndPlayMap Detection: Level '/Game/TwinStickBP/Maps/TwinStickExampleMap.TwinStickExampleMap:PersistentLevel' has LevelScriptBlueprint '/Game/TwinStickBP/Maps/TwinStickExampleMap.TwinStickExampleMap:PersistentLevel.TwinStickExampleMap' with GeneratedClass '/Game/TwinStickBP/Maps/TwinStickExampleMap.TwinStickExampleMap_C' with ClassGeneratedBy '/Game/TwinStickBP/Maps/TwinStickExampleMap.TwinStickExampleMap:PersistentLevel.TwinStickExampleMap'
[2018.08.18-10.17.11:439][390]LogSlate: Updating window title bar state: overlay mode, drag disabled, window buttons hidden, title bar hidden
[2018.08.18-10.17.11:457][390]LogSlate: Window 'GermBeat Game Preview Standalone (64-bit/PCD3D_SM5)' being destroyed
[2018.08.18-10.17.11:491][390]LogPlayLevel: Display: Shutting down PIE online subsystems
[2018.08.18-10.17.11:491][390]LogBlueprintUserMessages: Late EndPlayMap Detection: Level '/Game/TwinStickBP/Maps/TwinStickExampleMap.TwinStickExampleMap:PersistentLevel' has LevelScriptBlueprint '/Game/TwinStickBP/Maps/TwinStickExampleMap.TwinStickExampleMap:PersistentLevel.TwinStickExampleMap' with GeneratedClass '/Game/TwinStickBP/Maps/TwinStickExampleMap.TwinStickExampleMap_C' with ClassGeneratedBy '/Game/TwinStickBP/Maps/TwinStickExampleMap.TwinStickExampleMap:PersistentLevel.TwinStickExampleMap'
[2018.08.18-10.17.11:547][392]LogPlayLevel: Display: Destroying online subsystem :Context_4
[2018.08.18-10.17.22:202][ 31]LogTemp: Repeating last play command: New Editor Window (PIE)
[2018.08.18-10.17.22:219][ 31]LogBlueprintUserMessages: Early PlayInEditor Detection: Level '/Game/TwinStickBP/Maps/TwinStickExampleMap.TwinStickExampleMap:PersistentLevel' has LevelScriptBlueprint '/Game/TwinStickBP/Maps/TwinStickExampleMap.TwinStickExampleMap:PersistentLevel.TwinStickExampleMap' with GeneratedClass '/Game/TwinStickBP/Maps/TwinStickExampleMap.TwinStickExampleMap_C' with ClassGeneratedBy '/Game/TwinStickBP/Maps/TwinStickExampleMap.TwinStickExampleMap:PersistentLevel.TwinStickExampleMap'
[2018.08.18-10.17.22:219][ 31]LogPlayLevel: PlayLevel: No blueprints needed recompiling
[2018.08.18-10.17.22:220][ 31]PIE: New page: PIE session: TwinStickExampleMap (Aug 18, 2018, 2:17:22 AM)
[2018.08.18-10.17.22:220][ 31]LogPlayLevel: Creating play world package: /Game/TwinStickBP/Maps/UEDPIE_0_TwinStickExampleMap
[2018.08.18-10.17.22:223][ 31]LogPlayLevel: PIE: StaticDuplicateObject took: (0.003495s)
[2018.08.18-10.17.22:224][ 31]LogAIModule: Creating AISystem for world TwinStickExampleMap
[2018.08.18-10.17.22:224][ 31]LogPlayLevel: PIE: World Init took: (0.000902s)
[2018.08.18-10.17.22:224][ 31]LogPlayLevel: PIE: Created PIE world by copying editor world from /Game/TwinStickBP/Maps/TwinStickExampleMap.TwinStickExampleMap to /Game/TwinStickBP/Maps/UEDPIE_0_TwinStickExampleMap.TwinStickExampleMap (0.004541s)
[2018.08.18-10.17.22:248][ 31]LogInit: XAudio2 using 'Speakers (Realtek High Definition Audio)' : 2 channels at 48 kHz using 32 bits per sample (channel mask 0x3)
[2018.08.18-10.17.22:263][ 31]LogInit: FAudioDevice initialized.
[2018.08.18-10.17.22:268][ 31]LogSlate: Updating window title bar state: overlay mode, drag disabled, window buttons hidden, title bar hidden
[2018.08.18-10.17.22:306][ 31]LogLoad: Game class is 'TwinStickGameMode_C'
[2018.08.18-10.17.22:308][ 31]LogWorld: Bringing World /Game/TwinStickBP/Maps/UEDPIE_0_TwinStickExampleMap.TwinStickExampleMap up for play (max tick rate 60) at 2018.08.18-06.17.22
[2018.08.18-10.17.22:309][ 31]LogWorld: Bringing up level for play took: 0.002384
[2018.08.18-10.17.22:329][ 31]PIE: Play in editor start time for /Game/TwinStickBP/Maps/UEDPIE_0_TwinStickExampleMap -0.784
[2018.08.18-10.17.22:330][ 31]LogBlueprintUserMessages: Late PlayInEditor Detection: Level '/Game/TwinStickBP/Maps/TwinStickExampleMap.TwinStickExampleMap:PersistentLevel' has LevelScriptBlueprint '/Game/TwinStickBP/Maps/TwinStickExampleMap.TwinStickExampleMap:PersistentLevel.TwinStickExampleMap' with GeneratedClass '/Game/TwinStickBP/Maps/TwinStickExampleMap.TwinStickExampleMap_C' with ClassGeneratedBy '/Game/TwinStickBP/Maps/TwinStickExampleMap.TwinStickExampleMap:PersistentLevel.TwinStickExampleMap'
[2018.08.18-10.17.44:983][371]LogBlueprintUserMessages: Early EndPlayMap Detection: Level '/Game/TwinStickBP/Maps/TwinStickExampleMap.TwinStickExampleMap:PersistentLevel' has LevelScriptBlueprint '/Game/TwinStickBP/Maps/TwinStickExampleMap.TwinStickExampleMap:PersistentLevel.TwinStickExampleMap' with GeneratedClass '/Game/TwinStickBP/Maps/TwinStickExampleMap.TwinStickExampleMap_C' with ClassGeneratedBy '/Game/TwinStickBP/Maps/TwinStickExampleMap.TwinStickExampleMap:PersistentLevel.TwinStickExampleMap'
[2018.08.18-10.17.44:983][371]LogSlate: Updating window title bar state: overlay mode, drag disabled, window buttons hidden, title bar hidden
[2018.08.18-10.17.45:007][371]LogSlate: Window 'GermBeat Game Preview Standalone (64-bit/PCD3D_SM5)' being destroyed
[2018.08.18-10.17.45:040][371]LogPlayLevel: Display: Shutting down PIE online subsystems
[2018.08.18-10.17.45:041][371]LogBlueprintUserMessages: Late EndPlayMap Detection: Level '/Game/TwinStickBP/Maps/TwinStickExampleMap.TwinStickExampleMap:PersistentLevel' has LevelScriptBlueprint '/Game/TwinStickBP/Maps/TwinStickExampleMap.TwinStickExampleMap:PersistentLevel.TwinStickExampleMap' with GeneratedClass '/Game/TwinStickBP/Maps/TwinStickExampleMap.TwinStickExampleMap_C' with ClassGeneratedBy '/Game/TwinStickBP/Maps/TwinStickExampleMap.TwinStickExampleMap:PersistentLevel.TwinStickExampleMap'
[2018.08.18-10.17.45:084][372]LogPlayLevel: Display: Destroying online subsystem :Context_5
[2018.08.18-10.20.19:974][ 51]LogSlate: Took 0.000273 seconds to synchronously load lazily loaded font '../../../Engine/Content/Slate/Fonts/Roboto-Light.ttf' (167K)
[2018.08.18-10.20.19:982][ 51]LogAssetEditorManager: Opening Asset editor for Blueprint /Game/TwinStickBP/Blueprints/TwinStickPawn.TwinStickPawn
[2018.08.18-10.20.21:226][ 51]LogContentBrowser: Native class hierarchy updated for 'BlueprintGraph' in 0.0007 seconds. Added 116 classes and 0 folders.
[2018.08.18-10.20.23:467][ 51]LogSlate: Took 0.019745 seconds to synchronously load lazily loaded font '../../../Engine/Content/Slate/Fonts/Roboto-BoldCondensed.ttf' (158K)
[2018.08.18-10.20.24:226][ 52]LogSlate: Took 0.047083 seconds to synchronously load lazily loaded font '../../../Engine/Content/Slate/Fonts/Roboto-Italic.ttf' (157K)
[2018.08.18-10.25.30:210][379]LogSlate: FSceneViewport::OnFocusLost() reason 2
[2018.08.18-10.27.56:194][ 43]LogSlate: Window 'TwinStickPawn' being destroyed
[2018.08.18-10.27.56:199][ 43]LogSlate: Window 'TwinStickPawn' being destroyed
[2018.08.18-10.27.58:057][144]LogSlate: FSceneViewport::OnFocusLost() reason 0
[2018.08.18-10.27.58:273][157]LogTemp: Repeating last play command: New Editor Window (PIE)
[2018.08.18-10.27.58:327][157]LogBlueprintUserMessages: Early PlayInEditor Detection: Level '/Game/TwinStickBP/Maps/TwinStickExampleMap.TwinStickExampleMap:PersistentLevel' has LevelScriptBlueprint '/Game/TwinStickBP/Maps/TwinStickExampleMap.TwinStickExampleMap:PersistentLevel.TwinStickExampleMap' with GeneratedClass '/Game/TwinStickBP/Maps/TwinStickExampleMap.TwinStickExampleMap_C' with ClassGeneratedBy '/Game/TwinStickBP/Maps/TwinStickExampleMap.TwinStickExampleMap:PersistentLevel.TwinStickExampleMap'
[2018.08.18-10.27.58:327][157]LogPlayLevel: PlayLevel: No blueprints needed recompiling
[2018.08.18-10.27.58:327][157]PIE: New page: PIE session: TwinStickExampleMap (Aug 18, 2018, 2:27:58 AM)
[2018.08.18-10.27.58:327][157]LogPlayLevel: Creating play world package: /Game/TwinStickBP/Maps/UEDPIE_0_TwinStickExampleMap
[2018.08.18-10.27.58:332][157]LogPlayLevel: PIE: StaticDuplicateObject took: (0.004366s)
[2018.08.18-10.27.58:333][157]LogAIModule: Creating AISystem for world TwinStickExampleMap
[2018.08.18-10.27.58:333][157]LogPlayLevel: PIE: World Init took: (0.001046s)
[2018.08.18-10.27.58:333][157]LogPlayLevel: PIE: Created PIE world by copying editor world from /Game/TwinStickBP/Maps/TwinStickExampleMap.TwinStickExampleMap to /Game/TwinStickBP/Maps/UEDPIE_0_TwinStickExampleMap.TwinStickExampleMap (0.005581s)
[2018.08.18-10.27.58:384][157]LogInit: XAudio2 using 'Speakers (Realtek High Definition Audio)' : 2 channels at 48 kHz using 32 bits per sample (channel mask 0x3)
[2018.08.18-10.27.58:397][157]LogInit: FAudioDevice initialized.
[2018.08.18-10.27.58:403][157]LogSlate: Updating window title bar state: overlay mode, drag disabled, window buttons hidden, title bar hidden
[2018.08.18-10.27.58:443][157]LogLoad: Game class is 'TwinStickGameMode_C'
[2018.08.18-10.27.58:446][157]LogWorld: Bringing World /Game/TwinStickBP/Maps/UEDPIE_0_TwinStickExampleMap.TwinStickExampleMap up for play (max tick rate 60) at 2018.08.18-06.27.58
[2018.08.18-10.27.58:446][157]LogWorld: Bringing up level for play took: 0.001742
[2018.08.18-10.27.58:464][157]PIE: Play in editor start time for /Game/TwinStickBP/Maps/UEDPIE_0_TwinStickExampleMap -0.649
[2018.08.18-10.27.58:465][157]LogBlueprintUserMessages: Late PlayInEditor Detection: Level '/Game/TwinStickBP/Maps/TwinStickExampleMap.TwinStickExampleMap:PersistentLevel' has LevelScriptBlueprint '/Game/TwinStickBP/Maps/TwinStickExampleMap.TwinStickExampleMap:PersistentLevel.TwinStickExampleMap' with GeneratedClass '/Game/TwinStickBP/Maps/TwinStickExampleMap.TwinStickExampleMap_C' with ClassGeneratedBy '/Game/TwinStickBP/Maps/TwinStickExampleMap.TwinStickExampleMap:PersistentLevel.TwinStickExampleMap'
[2018.08.18-10.28.14:263][ 85]LogBlueprintUserMessages: Early EndPlayMap Detection: Level '/Game/TwinStickBP/Maps/TwinStickExampleMap.TwinStickExampleMap:PersistentLevel' has LevelScriptBlueprint '/Game/TwinStickBP/Maps/TwinStickExampleMap.TwinStickExampleMap:PersistentLevel.TwinStickExampleMap' with GeneratedClass '/Game/TwinStickBP/Maps/TwinStickExampleMap.TwinStickExampleMap_C' with ClassGeneratedBy '/Game/TwinStickBP/Maps/TwinStickExampleMap.TwinStickExampleMap:PersistentLevel.TwinStickExampleMap'
[2018.08.18-10.28.14:263][ 85]LogSlate: Updating window title bar state: overlay mode, drag disabled, window buttons hidden, title bar hidden
[2018.08.18-10.28.14:283][ 85]LogSlate: Window 'GermBeat Game Preview Standalone (64-bit/PCD3D_SM5)' being destroyed
[2018.08.18-10.28.14:316][ 85]LogPlayLevel: Display: Shutting down PIE online subsystems
[2018.08.18-10.28.14:316][ 85]LogBlueprintUserMessages: Late EndPlayMap Detection: Level '/Game/TwinStickBP/Maps/TwinStickExampleMap.TwinStickExampleMap:PersistentLevel' has LevelScriptBlueprint '/Game/TwinStickBP/Maps/TwinStickExampleMap.TwinStickExampleMap:PersistentLevel.TwinStickExampleMap' with GeneratedClass '/Game/TwinStickBP/Maps/TwinStickExampleMap.TwinStickExampleMap_C' with ClassGeneratedBy '/Game/TwinStickBP/Maps/TwinStickExampleMap.TwinStickExampleMap:PersistentLevel.TwinStickExampleMap'
[2018.08.18-10.28.14:370][ 86]LogPlayLevel: Display: Destroying online subsystem :Context_9
