Log file open, 08/18/18 13:18:20
LogWindows: Failed to load 'aqProf.dll' (GetLastError=126)
LogWindows: File 'aqProf.dll' does not exist
LogWindows: Failed to load 'VSPerf140.dll' (GetLastError=126)
LogWindows: File 'VSPerf140.dll' does not exist
LogWindows: Failed to load 'VtuneApi.dll' (GetLastError=126)
LogWindows: File 'VtuneApi.dll' does not exist
LogWindows: Failed to load 'VtuneApi32e.dll' (GetLastError=126)
LogWindows: File 'VtuneApi32e.dll' does not exist
LogInit: Display: Running engine for game: GermBeat
LogPlatformFile: Not using cached read wrapper
LogTaskGraph: Started task graph with 5 named threads and 11 total threads with 3 sets of task threads.
LogStats: Stats thread started at 0.197552
LogD3D11RHI: Loaded GFSDK_Aftermath_Lib.x64.dll
LogICUInternationalization: Display: ICU TimeZone Detection - Raw Offset: +5:30, Platform Override: ''
LogPluginManager: Mounting plugin Paper2D
LogPluginManager: Mounting plugin AISupport
LogPluginManager: Mounting plugin LightPropagationVolume
LogPluginManager: Mounting plugin CLionSourceCodeAccess
LogPluginManager: Mounting plugin CodeLiteSourceCodeAccess
LogPluginManager: Mounting plugin GitSourceControl
LogPluginManager: Mounting plugin KDevelopSourceCodeAccess
LogPluginManager: Mounting plugin NullSourceCodeAccess
LogPluginManager: Mounting plugin PerforceSourceControl
LogPluginManager: Mounting plugin SubversionSourceControl
LogPluginManager: Mounting plugin UObjectPlugin
LogPluginManager: Mounting plugin VisualStudioCodeSourceCodeAccess
LogPluginManager: Mounting plugin VisualStudioSourceCodeAccess
LogPluginManager: Mounting plugin XCodeSourceCodeAccess
LogPluginManager: Mounting plugin AssetManagerEditor
LogPluginManager: Mounting plugin CryptoKeys
LogPluginManager: Mounting plugin DataValidation
LogPluginManager: Mounting plugin FacialAnimation
LogPluginManager: Mounting plugin GameplayTagsEditor
LogPluginManager: Mounting plugin MacGraphicsSwitching
LogPluginManager: Mounting plugin MeshEditor
LogPluginManager: Mounting plugin MobileLauncherProfileWizard
LogPluginManager: Mounting plugin PluginBrowser
LogPluginManager: Mounting plugin SpeedTreeImporter
LogPluginManager: Mounting plugin DatasmithContent
LogPluginManager: Mounting plugin AlembicImporter
LogPluginManager: Mounting plugin AppleImageUtils
LogPluginManager: Mounting plugin AppleVision
LogPluginManager: Mounting plugin BackChannel
LogPluginManager: Mounting plugin CharacterAI
LogPluginManager: Mounting plugin GeometryCache
LogPluginManager: Mounting plugin HTML5Networking
LogPluginManager: Mounting plugin ProxyLODPlugin
LogPluginManager: Mounting plugin MagicLeap
LogPluginManager: Mounting plugin MagicLeapEmulator
LogPluginManager: Mounting plugin MagicLeapMedia
LogPluginManager: Mounting plugin AndroidMedia
LogPluginManager: Mounting plugin AvfMedia
LogPluginManager: Mounting plugin ImgMedia
LogPluginManager: Mounting plugin LinearTimecode
LogPluginManager: Mounting plugin MediaCompositing
LogPluginManager: Mounting plugin MediaPlayerEditor
LogPluginManager: Mounting plugin WmfMedia
LogPluginManager: Mounting plugin TcpMessaging
LogPluginManager: Mounting plugin UdpMessaging
LogPluginManager: Mounting plugin ActorSequence
LogPluginManager: Mounting plugin LevelSequenceEditor
LogPluginManager: Mounting plugin MatineeToLevelSequence
LogPluginManager: Mounting plugin NetcodeUnitTest
LogPluginManager: Mounting plugin NUTUnrealEngine4
LogPluginManager: Mounting plugin OnlineSubsystemGooglePlay
LogPluginManager: Mounting plugin OnlineSubsystemIOS
LogPluginManager: Mounting plugin OnlineSubsystem
LogPluginManager: Mounting plugin OnlineSubsystemNull
LogPluginManager: Mounting plugin OnlineSubsystemUtils
LogPluginManager: Mounting plugin LauncherChunkInstaller
LogPluginManager: Mounting plugin AndroidDeviceProfileSelector
LogPluginManager: Mounting plugin AndroidMoviePlayer
LogPluginManager: Mounting plugin AndroidPermission
LogPluginManager: Mounting plugin AppleMoviePlayer
LogPluginManager: Mounting plugin ArchVisCharacter
LogPluginManager: Mounting plugin AudioCapture
LogPluginManager: Mounting plugin CableComponent
LogPluginManager: Mounting plugin CustomMeshComponent
LogPluginManager: Mounting plugin EditableMesh
LogPluginManager: Mounting plugin ExampleDeviceProfileSelector
LogPluginManager: Mounting plugin GoogleCloudMessaging
LogPluginManager: Mounting plugin ImmediatePhysics
LogPluginManager: Mounting plugin IOSDeviceProfileSelector
LogPluginManager: Mounting plugin LinuxDeviceProfileSelector
LogPluginManager: Mounting plugin LocationServicesBPLibrary
LogPluginManager: Mounting plugin MobilePatchingUtils
LogPluginManager: Mounting plugin OculusVR
LogPluginManager: Plugin shader directory ../../../Engine/Plugins/Runtime/Oculus/OculusVR/Shaders found
LogPluginManager: Mapping shader source directory ../../../Engine/Plugins/Runtime/Oculus/OculusVR/Shaders to virtual directory /Plugin/OculusVR
LogPluginManager: Mounting plugin PhysXVehicles
LogPluginManager: Mounting plugin ProceduralMeshComponent
LogPluginManager: Mounting plugin RuntimePhysXCooking
LogPluginManager: Mounting plugin SteamVR
LogPluginManager: Mounting plugin WindowsMoviePlayer
LogStreaming: Display: Took  0.244s to configure plugins.
LogInit: Using libcurl 7.55.1-DEV
LogInit:  - built for x86_64-pc-win32
LogInit:  - supports SSL with OpenSSL/1.0.2h
LogInit:  - supports HTTP deflate (compression) using libz 1.2.8
LogInit:  - other features:
LogInit:      CURL_VERSION_SSL
LogInit:      CURL_VERSION_LIBZ
LogInit:      CURL_VERSION_IPV6
LogInit:      CURL_VERSION_ASYNCHDNS
LogInit:      CURL_VERSION_LARGEFILE
LogInit:      CURL_VERSION_IDN
LogInit:  CurlRequestOptions (configurable via config and command line):
LogInit:  - bVerifyPeer = false  - Libcurl will NOT verify peer certificate
LogInit:  - bUseHttpProxy = false  - Libcurl will NOT use HTTP proxy
LogInit:  - bDontReuseConnections = false  - Libcurl will reuse connections
LogInit:  - CertBundlePath = nullptr  - Libcurl will use whatever was configured at build time.
LogInit:  - MaxHostConnections = 16  - Libcurl will limit the number of connections to a host
LogInit:  - LocalHostAddr = Default
LogInit:  - BufferSize = 65536
LogInit: WinSock: version 1.1 (2.2), MaxSocks=32767, MaxUdp=65467
LogInit: Build: ++UE4+Release-4.20-CL-4233996
LogInit: Engine Version: 4.20.1-4233996+++UE4+Release-4.20
LogInit: Compatible Engine Version: 4.20.0-4212847+++UE4+Release-4.20
LogInit: Net CL: 4212847
LogInit: OS: Windows 10 (), CPU:         Intel(R) Core(TM) i3-3210 CPU @ 3.20GHz, GPU: NVIDIA GeForce GTX 1050 Ti
LogInit: Compiled (64-bit): Jul 26 2018 10:07:30
LogInit: Compiled with Visual C++: 19.13.26129.00
LogInit: Build Configuration: Development
LogInit: Branch Name: ++UE4+Release-4.20
LogInit: Command Line: -EpicPortal 
LogInit: Base Directory: H:/Fortnite/UE_4.20/Engine/Binaries/Win64/
LogInit: Installed Engine Build: 1
LogDevObjectVersion: Number of dev versions registered: 20
LogDevObjectVersion:   Dev-Blueprints (B0D832E4-1F89-4F0D-ACCF-7EB736FD4AA2): 10
LogDevObjectVersion:   Dev-Build (E1C64328-A22C-4D53-A36C-8E866417BD8C): 0
LogDevObjectVersion:   Dev-Core (375EC13C-06E4-48FB-B500-84F0262A717E): 2
LogDevObjectVersion:   Dev-Editor (E4B068ED-F494-42E9-A231-DA0B2E46BB41): 24
LogDevObjectVersion:   Dev-Framework (CFFC743F-43B0-4480-9391-14DF171D2073): 34
LogDevObjectVersion:   Dev-Mobile (B02B49B5-BB20-44E9-A304-32B752E40360): 2
LogDevObjectVersion:   Dev-Networking (A4E4105C-59A1-49B5-A7C5-40C4547EDFEE): 0
LogDevObjectVersion:   Dev-Online (39C831C9-5AE6-47DC-9A44-9C173E1C8E7C): 0
LogDevObjectVersion:   Dev-Physics (78F01B33-EBEA-4F98-B9B4-84EACCB95AA2): 0
LogDevObjectVersion:   Dev-Platform (6631380F-2D4D-43E0-8009-CF276956A95A): 0
LogDevObjectVersion:   Dev-Rendering (12F88B9F-8875-4AFC-A67C-D90C383ABD29): 26
LogDevObjectVersion:   Dev-Sequencer (7B5AE74C-D270-4C10-A958-57980B212A5A): 9
LogDevObjectVersion:   Dev-VR (D7296918-1DD6-4BDD-9DE2-64A83CC13884): 2
LogDevObjectVersion:   Dev-LoadTimes (C2A15278-BFE7-4AFE-6C17-90FF531DF755): 1
LogDevObjectVersion:   Private-Geometry (6EACA3D4-40EC-4CC1-B786-8BED09428FC5): 3
LogDevObjectVersion:   Dev-AnimPhys (29E575DD-E0A3-4627-9D10-D276232CDCEA): 17
LogDevObjectVersion:   Dev-ReflectionCapture (6B266CEC-1EC7-4B8F-A30B-E4D90942FC07): 1
LogDevObjectVersion:   Dev-Automation (0DF73D61-A23F-47EA-B727-89E90C41499A): 1
LogDevObjectVersion:   FortniteMain (601D1886-AC64-4F84-AA16-D3DE0DEAC7D6): 12
LogDevObjectVersion:   Dev-Enterprise (9DFFBCD6-494F-0158-E221-12823C92A888): 1
LogStreaming: Display: Took  0.000s to delete old logs.
LogInit: Presizing for max 8388607 objects, including 0 objects not considered by GC, pre-allocating 0 bytes for permanent pool.
LogInit: Object subsystem initialized
[2018.08.18-07.48.21:370][  0]LogInit: Selected Device Profile: [Windows]
[2018.08.18-07.48.21:370][  0]LogInit: Applying CVar settings loaded from the selected device profile: [Windows]
[2018.08.18-07.48.21:435][  0]LogHAL: Display: Platform has ~ 6 GB [5889163264 / 8589934592 / 6], which maps to Smaller [LargestMinGB=32, LargerMinGB=12, DefaultMinGB=8, SmallerMinGB=6, SmallestMinGB=0)
[2018.08.18-07.48.21:435][  0]LogInit: Setting Device Profile CVar: [[r.Vulkan.UseRealUBs:1]]
[2018.08.18-07.48.21:435][  0]LogInit: Going up to parent DeviceProfile []
[2018.08.18-07.48.21:435][  0]LogInit: Computer: SAHIL
[2018.08.18-07.48.21:435][  0]LogInit: User: Sahil
[2018.08.18-07.48.21:435][  0]LogInit: CPU Page size=4096, Cores=2
[2018.08.18-07.48.21:435][  0]LogInit: High frequency timer resolution =3.117918 MHz
[2018.08.18-07.48.21:435][  0]LogMemory: Memory total: Physical=5.5GB (6GB approx)
[2018.08.18-07.48.21:435][  0]LogMemory: Platform Memory Stats for Windows
[2018.08.18-07.48.21:435][  0]LogMemory: Process Physical Memory: 102.68 MB used, 102.68 MB peak
[2018.08.18-07.48.21:436][  0]LogMemory: Process Virtual Memory: 84.25 MB used, 84.25 MB peak
[2018.08.18-07.48.21:436][  0]LogMemory: Physical Memory: 3960.02 MB used,  1656.33 MB free, 5616.34 MB total
[2018.08.18-07.48.21:436][  0]LogMemory: Virtual Memory: 523.94 MB used,  1656.33 MB free, 134217728.00 MB total
[2018.08.18-07.48.21:479][  0]LogInit: Using OS detected language (en-US).
[2018.08.18-07.48.21:479][  0]LogInit: Using OS detected locale (en-US).
[2018.08.18-07.48.21:480][  0]LogTextLocalizationManager: No specific localization for 'en-US' exists, so the 'en' localization will be used.
[2018.08.18-07.48.22:106][  0]LogStreaming: Display: Took  0.628s to InitEngineTextLocalization.
[2018.08.18-07.48.22:107][  0]LogInit: Setting process to per monitor DPI aware
[2018.08.18-07.48.22:129][  0]LogSlate: New Slate User Created.  User Index 0, Is Virtual User: 0
[2018.08.18-07.48.22:130][  0]LogSlate: Slate User Registered.  User Index 0, Is Virtual User: 0
[2018.08.18-07.48.22:505][  0]LogHMD: Failed to initialize OpenVR with code 110
[2018.08.18-07.48.22:505][  0]LogD3D11RHI: D3D11 adapters:
[2018.08.18-07.48.22:594][  0]LogD3D11RHI:    0. 'NVIDIA GeForce GTX 1050 Ti' (Feature Level 11_0)
[2018.08.18-07.48.22:594][  0]LogD3D11RHI:       4018/0/2808 MB DedicatedVideo/DedicatedSystem/SharedSystem, Outputs:1, VendorId:0x10de
[2018.08.18-07.48.22:600][  0]LogD3D11RHI:    1. 'Microsoft Basic Render Driver' (Feature Level 11_0)
[2018.08.18-07.48.22:600][  0]LogD3D11RHI:       0/0/2808 MB DedicatedVideo/DedicatedSystem/SharedSystem, Outputs:0, VendorId:0x1414
[2018.08.18-07.48.22:600][  0]LogD3D11RHI: Chosen D3D11 Adapter: 0
[2018.08.18-07.48.22:609][  0]LogD3D11RHI: Creating new Direct3DDevice
[2018.08.18-07.48.22:609][  0]LogD3D11RHI:     GPU DeviceId: 0x1c82 (for the marketing name, search the web for "GPU Device Id")
[2018.08.18-07.48.22:609][  0]LogWindows: EnumDisplayDevices:
[2018.08.18-07.48.22:609][  0]LogWindows:    0. 'NVIDIA GeForce GTX 1050 Ti' (P:1 D:1)
[2018.08.18-07.48.22:609][  0]LogWindows:    1. 'NVIDIA GeForce GTX 1050 Ti' (P:0 D:0)
[2018.08.18-07.48.22:610][  0]LogWindows:    2. 'NVIDIA GeForce GTX 1050 Ti' (P:0 D:0)
[2018.08.18-07.48.22:610][  0]LogWindows:    3. 'NVIDIA GeForce GTX 1050 Ti' (P:0 D:0)
[2018.08.18-07.48.22:610][  0]LogWindows: DebugString: FoundDriverCount:4 
[2018.08.18-07.48.22:610][  0]LogD3D11RHI:     Adapter Name: NVIDIA GeForce GTX 1050 Ti
[2018.08.18-07.48.22:610][  0]LogD3D11RHI:   Driver Version: 398.82 (internal:24.21.13.9882, unified:398.82)
[2018.08.18-07.48.22:610][  0]LogD3D11RHI:      Driver Date: 7-30-2018
[2018.08.18-07.48.22:610][  0]LogRHI: Texture pool is 2812 MB (70% of 4018 MB)
[2018.08.18-07.48.22:676][  0]LogD3D11RHI: Async texture creation enabled
[2018.08.18-07.48.22:755][  0]LogD3D11RHI: GPU Timing Frequency: 1000.000000 (Debug: 2 2)
[2018.08.18-07.48.22:806][  0]LogShaderCompilers: Guid format shader working directory is 14 characters bigger than the processId version (../../../../../GermWar/GermBeat/Intermediate/Shaders/WorkingDirectory/16272/).
[2018.08.18-07.48.22:807][  0]LogShaderCompilers: Cleaned the shader compiler working directory 'C:/Users/Sahil/AppData/Local/Temp/UnrealShaderWorkingDir/8900647541A355C11F8AF99A39F83AF0/'.
[2018.08.18-07.48.23:563][  0]LogTemp: Display: Loaded TP AllDesktopTargetPlatform
[2018.08.18-07.48.23:580][  0]LogTemp: Display: Loaded TP MacClientTargetPlatform
[2018.08.18-07.48.23:596][  0]LogTemp: Display: Loaded TP MacNoEditorTargetPlatform
[2018.08.18-07.48.23:612][  0]LogTemp: Display: Loaded TP MacServerTargetPlatform
[2018.08.18-07.48.23:638][  0]LogTemp: Display: Loaded TP MacTargetPlatform
[2018.08.18-07.48.23:655][  0]LogTemp: Display: Loaded TP WindowsClientTargetPlatform
[2018.08.18-07.48.23:685][  0]LogTemp: Display: Loaded TP WindowsNoEditorTargetPlatform
[2018.08.18-07.48.23:713][  0]LogTemp: Display: Loaded TP WindowsServerTargetPlatform
[2018.08.18-07.48.23:725][  0]LogTemp: Display: Loaded TP WindowsTargetPlatform
[2018.08.18-07.48.23:861][  0]LogTemp: Display: Loaded TP AndroidTargetPlatform
[2018.08.18-07.48.23:861][  0]LogTemp: Display: Loaded TP AndroidTargetPlatform
[2018.08.18-07.48.23:861][  0]LogTemp: Display: Loaded TP AndroidTargetPlatform
[2018.08.18-07.48.23:861][  0]LogTemp: Display: Loaded TP AndroidTargetPlatform
[2018.08.18-07.48.23:861][  0]LogTemp: Display: Loaded TP AndroidTargetPlatform
[2018.08.18-07.48.23:861][  0]LogTemp: Display: Loaded TP AndroidTargetPlatform
[2018.08.18-07.48.23:861][  0]LogTemp: Display: Loaded TP AndroidTargetPlatform
[2018.08.18-07.48.23:861][  0]LogTemp: Display: Loaded TP AndroidTargetPlatform
[2018.08.18-07.48.23:861][  0]LogTemp: Display: Loaded TP AndroidTargetPlatform
[2018.08.18-07.48.23:861][  0]LogTemp: Display: Loaded TP AndroidTargetPlatform
[2018.08.18-07.48.23:861][  0]LogTemp: Display: Loaded TP AndroidTargetPlatform
[2018.08.18-07.48.23:861][  0]LogTemp: Display: Loaded TP AndroidTargetPlatform
[2018.08.18-07.48.23:861][  0]LogTemp: Display: Loaded TP AndroidTargetPlatform
[2018.08.18-07.48.23:861][  0]LogTemp: Display: Loaded TP AndroidTargetPlatform
[2018.08.18-07.48.23:861][  0]LogTemp: Display: Loaded TP AndroidTargetPlatform
[2018.08.18-07.48.23:861][  0]LogTemp: Display: Loaded TP AndroidTargetPlatform
[2018.08.18-07.48.23:861][  0]LogTemp: Display: Loaded TP AndroidTargetPlatform
[2018.08.18-07.48.23:861][  0]LogTemp: Display: Loaded TP AndroidTargetPlatform
[2018.08.18-07.48.23:862][  0]LogTemp: Display: Loaded TP HTML5TargetPlatform
[2018.08.18-07.48.23:933][  0]LogTemp: Display: Loaded TP IOSTargetPlatform
[2018.08.18-07.48.23:933][  0]LogTemp: Display: Loaded TP IOSTargetPlatform
[2018.08.18-07.48.23:971][  0]LogTemp: Display: Loaded TP TVOSTargetPlatform
[2018.08.18-07.48.23:971][  0]LogTemp: Display: Loaded TP TVOSTargetPlatform
[2018.08.18-07.48.23:989][  0]LogTemp: Display: Loaded TP LinuxClientTargetPlatform
[2018.08.18-07.48.24:009][  0]LogTemp: Display: Loaded TP LinuxNoEditorTargetPlatform
[2018.08.18-07.48.24:028][  0]LogTemp: Display: Loaded TP LinuxServerTargetPlatform
[2018.08.18-07.48.24:047][  0]LogTemp: Display: Loaded TP LinuxTargetPlatform
[2018.08.18-07.48.24:060][  0]LogTemp: Display: Loaded TP LuminTargetPlatform
[2018.08.18-07.48.24:060][  0]LogTargetPlatformManager: Display: Building Assets For Windows
[2018.08.18-07.48.24:134][  0]LogXGEController: Cannot use XGE Controller as Incredibuild is not installed on this machine.
[2018.08.18-07.48.24:134][  0]LogShaderCompilers: Cannot use XGE Shader Compiler as Incredibuild is not installed on this machine.
[2018.08.18-07.48.24:134][  0]LogShaderCompilers: Display: Using Local Shader Compiler.
[2018.08.18-07.48.29:028][  0]LogDerivedDataCache: Display: Max Cache Size: 512 MB
[2018.08.18-07.48.29:130][  0]LogDerivedDataCache: Loaded boot cache 0.10s 71MB C:/Users/Sahil/AppData/Local/UnrealEngine/4.20/DerivedDataCache/Boot.ddc.
[2018.08.18-07.48.29:130][  0]LogDerivedDataCache: Display: Loaded Boot cache: C:/Users/Sahil/AppData/Local/UnrealEngine/4.20/DerivedDataCache/Boot.ddc
[2018.08.18-07.48.29:131][  0]LogDerivedDataCache: FDerivedDataBackendGraph:  Pak pak cache file ../../../../../GermWar/GermBeat/DerivedDataCache/DDC.ddp not found, will not use a pak cache.
[2018.08.18-07.48.29:131][  0]LogDerivedDataCache: Unable to find inner node Pak for hierarchical cache Hierarchy.
[2018.08.18-07.48.29:131][  0]LogDerivedDataCache: FDerivedDataBackendGraph:  CompressedPak pak cache file ../../../../../GermWar/GermBeat/DerivedDataCache/Compressed.ddp not found, will not use a pak cache.
[2018.08.18-07.48.29:131][  0]LogDerivedDataCache: Unable to find inner node CompressedPak for hierarchical cache Hierarchy.
[2018.08.18-07.48.29:156][  0]LogDerivedDataCache: Display: Pak cache opened for reading ../../../Engine/DerivedDataCache/Compressed.ddp.
[2018.08.18-07.48.29:204][  0]LogDerivedDataCache: Using Local data cache path C:/Users/Sahil/AppData/Local/UnrealEngine/Common/DerivedDataCache: Writable
[2018.08.18-07.48.29:204][  0]LogDerivedDataCache: Shared data cache path not found in *engine.ini, will not use an Shared cache.
[2018.08.18-07.48.29:204][  0]LogDerivedDataCache: Unable to find inner node Shared for hierarchical cache Hierarchy.
[2018.08.18-07.48.29:245][  0]LogMaterial: Verifying Global Shaders for PCD3D_SM5
[2018.08.18-07.48.29:248][  0]LogSlate: Using FreeType 2.6.0
[2018.08.18-07.48.29:276][  0]LogSlate: SlateFontServices - WITH_FREETYPE: 1, WITH_HARFBUZZ: 1
[2018.08.18-07.48.29:934][  0]LogAssetRegistry: FAssetRegistry took 0.0333 seconds to start up
[2018.08.18-07.48.30:789][  0]LogInit: Selected Device Profile: [Windows]
[2018.08.18-07.48.31:060][  0]LogSimplygon: Simplygon DLL not present - disabling.
[2018.08.18-07.48.31:064][  0]LogMeshReduction: Using SimplygonSwarm for distributed automatic mesh merging
[2018.08.18-07.48.31:064][  0]LogMeshReduction: Using ProxyLODMeshReduction for automatic mesh merging
[2018.08.18-07.48.31:064][  0]LogMeshReduction: Using QuadricMeshReduction for automatic static mesh reduction
[2018.08.18-07.48.31:064][  0]LogMeshReduction: No automatic skeletal mesh reduction module available
[2018.08.18-07.48.31:097][  0]LogNetVersion: GermBeat 1.0.0, NetCL: 4212847, EngineNetVer: 5, GameNetVer: 0 (Checksum: 695920693)
[2018.08.18-07.48.32:151][  0]LogPackageLocalizationCache: Processed 11 localized package path(s) for 2 prioritized culture(s) in 0.225495 seconds
[2018.08.18-07.48.32:164][  0]LogUObjectArray: 38425 objects as part of root set at end of initial load.
[2018.08.18-07.48.32:164][  0]LogUObjectAllocator: 6690872 out of 0 bytes used by permanent object pool.
[2018.08.18-07.48.32:164][  0]LogUObjectArray: CloseDisregardForGC: 0/0 objects in disregard for GC pool
[2018.08.18-07.48.41:125][  0]LogTcpMessaging: Initializing TcpMessaging bridge
[2018.08.18-07.48.41:139][  0]LogUdpMessaging: Initializing bridge on interface 0.0.0.0:0 to multicast group 230.0.0.1:6666.
[2018.08.18-07.48.41:360][  0]SourceControl: Source control is disabled
[2018.08.18-07.48.41:360][  0]SourceControl: Source control is disabled
[2018.08.18-07.48.41:362][  0]SourceControl: Source control is disabled
[2018.08.18-07.48.41:363][  0]SourceControl: Source control is disabled
[2018.08.18-07.48.41:607][  0]LogAndroidPermission: UAndroidPermissionCallbackProxy::GetInstance
[2018.08.18-07.48.41:679][  0]LogOcInput: OculusInput pre-init called
[2018.08.18-07.48.41:854][  0]LogEngine: Initializing Engine...
[2018.08.18-07.48.41:856][  0]LogHMD: Failed to initialize OpenVR with code 110
[2018.08.18-07.48.41:859][  0]LogStats: UGameplayTagsManager::ConstructGameplayTagTree: ImportINI prefixes -  0.000 s
[2018.08.18-07.48.41:859][  0]LogStats: UGameplayTagsManager::ConstructGameplayTagTree: Construct from data asset -  0.000 s
[2018.08.18-07.48.41:859][  0]LogStats: UGameplayTagsManager::ConstructGameplayTagTree: ImportINI -  0.000 s
[2018.08.18-07.48.41:859][  0]LogStats: UGameplayTagsManager::ConstructGameplayTagTree: GameplayTagTreeChangedEvent.Broadcast -  0.000 s
[2018.08.18-07.48.42:125][  0]LogInit: Initializing FReadOnlyCVARCache
[2018.08.18-07.48.42:137][  0]LogAIModule: Creating AISystem for world Untitled
[2018.08.18-07.48.42:198][  0]LogInit: XAudio2 using 'Acer V206HQLB (NVIDIA High Definition Audio)' : 2 channels at 48 kHz using 16 bits per sample (channel mask 0x3)
[2018.08.18-07.48.42:226][  0]LogInit: FAudioDevice initialized.
[2018.08.18-07.48.42:226][  0]LogNetVersion: Set ProjectVersion to 1.0.0.0. Version Checksum will be recalculated on next use.
[2018.08.18-07.48.42:345][  0]LogDerivedDataCache: Saved boot cache 0.12s 71MB C:/Users/Sahil/AppData/Local/UnrealEngine/4.20/DerivedDataCache/Boot.ddc.
[2018.08.18-07.48.42:349][  0]LogInit: Texture streaming: Enabled
[2018.08.18-07.48.42:366][  0]LogEngineSessionManager: EngineSessionManager initialized
[2018.08.18-07.48.42:480][  0]LogInit: Transaction tracking system initialized
[2018.08.18-07.48.42:499][  0]BlueprintLog: New page: Editor Load
[2018.08.18-07.48.42:761][  0]LocalizationService: Localization service is disabled
[2018.08.18-07.48.43:185][  0]LogCook: Display: Max memory allowance for cook 16384mb min free memory 0mb
[2018.08.18-07.48.43:185][  0]LogCook: Display: Mobile HDR setting 1
[2018.08.18-07.48.43:186][  0]LogGameplayTags: Display: UGameplayTagsManager::DoneAddingNativeTags. DelegateIsBound: 0
[2018.08.18-07.48.43:186][  0]LogStats: UGameplayTagsManager::ConstructGameplayTagTree: ImportINI prefixes -  0.000 s
[2018.08.18-07.48.43:186][  0]LogStats: UGameplayTagsManager::ConstructGameplayTagTree: Construct from data asset -  0.000 s
[2018.08.18-07.48.43:186][  0]LogStats: UGameplayTagsManager::ConstructGameplayTagTree: ImportINI -  0.000 s
[2018.08.18-07.48.43:186][  0]LogStats: UGameplayTagsManager::ConstructGameplayTagTree: GameplayTagTreeChangedEvent.Broadcast -  0.000 s
[2018.08.18-07.48.43:485][  0]LogFileCache: Scanning file cache for directory 'H:/GermWar/GermBeat/Content/' took 0.02s
[2018.08.18-07.48.43:485][  0]SourceControl: Source control is disabled
[2018.08.18-07.48.43:618][  0]LogSlate: Took 0.000294 seconds to synchronously load lazily loaded font '../../../Engine/Content/Slate/Fonts/Roboto-Regular.ttf' (155K)
[2018.08.18-07.48.51:288][  0]LogSlate: Window 'Restore Packages' being destroyed
[2018.08.18-07.48.51:289][  0]LogWindowsTextInputMethodSystem: Display: IME system now deactivated.
[2018.08.18-07.48.51:305][  0]LogWindowsTextInputMethodSystem: Display: IME system now deactivated.
[2018.08.18-07.48.51:306][  0]Cmd: MAP LOAD FILE="../../../../../GermWar/GermBeat/Content/TwinStickBP/Maps/TwinStickExampleMap.umap" TEMPLATE=0 SHOWPROGRESS=1 FEATURELEVEL=3
[2018.08.18-07.48.51:360][  0]LightingResults: New page: Lighting Build
[2018.08.18-07.48.51:362][  0]MapCheck: New page: Map Check
[2018.08.18-07.48.51:362][  0]LightingResults: New page: Lighting Build
[2018.08.18-07.48.52:191][  0]LogLinker: Warning: Can't find file '/Game/TwinStickBP/Maps/TwinStickExampleMap_BuiltData'
[2018.08.18-07.48.52:191][  0]LogLinker: Warning: Can't find file for asset '/Game/TwinStickBP/Maps/TwinStickExampleMap_BuiltData' while loading ../../../../../GermWar/GermBeat/Content/TwinStickBP/Maps/TwinStickExampleMap.umap.
[2018.08.18-07.48.52:192][  0]LoadErrors: Error: /Game/TwinStickBP/Maps/TwinStickExampleMap : Can't find file for asset. /Game/TwinStickBP/Maps/TwinStickExampleMap_BuiltData
[2018.08.18-07.48.52:241][  0]LogLinker: Warning: Can't find file '/Game/TwinStickBP/Maps/TwinStickExampleMap_BuiltData'
[2018.08.18-07.48.52:241][  0]LogLinker: Warning: Can't find file for asset '/Game/TwinStickBP/Maps/TwinStickExampleMap_BuiltData' while loading ../../../../../GermWar/GermBeat/Content/TwinStickBP/Maps/TwinStickExampleMap.umap.
[2018.08.18-07.48.52:241][  0]LoadErrors: Error: /Game/TwinStickBP/Maps/TwinStickExampleMap : Can't find file for asset. /Game/TwinStickBP/Maps/TwinStickExampleMap_BuiltData
[2018.08.18-07.48.52:244][  0]LogLinker: Warning: Can't find file '/Game/TwinStickBP/Maps/TwinStickExampleMap_BuiltData'
[2018.08.18-07.48.52:244][  0]LogLinker: Warning: Can't find file for asset '/Game/TwinStickBP/Maps/TwinStickExampleMap_BuiltData' while loading NULL.
[2018.08.18-07.48.52:252][  0]LogLinker: Warning: Can't find file '/Game/TwinStickBP/Maps/TwinStickExampleMap_BuiltData'
[2018.08.18-07.48.52:253][  0]LogLinker: Warning: Can't find file for asset '/Game/TwinStickBP/Maps/TwinStickExampleMap_BuiltData' while loading NULL.
[2018.08.18-07.48.52:268][  0]LogLinker: Warning: Can't find file '/Game/TwinStickBP/Maps/TwinStickExampleMap_BuiltData'
[2018.08.18-07.48.52:268][  0]LoadErrors: Failed to load /Game/TwinStickBP/Maps/TwinStickExampleMap_BuiltData.TwinStickExampleMap_BuiltData Referenced by PersistentLevel
[2018.08.18-07.48.52:268][  0]LogLinker: Warning: Can't find file for asset '/Game/TwinStickBP/Maps/TwinStickExampleMap_BuiltData' while loading NULL.
[2018.08.18-07.48.52:268][  0]LoadErrors: Failed to load /Game/TwinStickBP/Maps/TwinStickExampleMap_BuiltData.TwinStickExampleMap_BuiltData Referenced by PersistentLevel
[2018.08.18-07.48.52:483][  0]LogAIModule: Creating AISystem for world TwinStickExampleMap
[2018.08.18-07.48.52:505][  0]LogEditorServer: Finished looking for orphan Actors (0.000 secs)
[2018.08.18-07.48.52:536][  0]Cmd: MAP CHECKDEP NOCLEARLOG
[2018.08.18-07.48.52:625][  0]MapCheck: Map check complete: 0 Error(s), 0 Warning(s), took 89.797ms to complete.
[2018.08.18-07.48.52:626][  0]LogFileHelpers: Loading map 'TwinStickExampleMap' took 1.320
[2018.08.18-07.48.52:723][  0]LogSlate: Updating window title bar state: overlay mode, drag disabled, window buttons hidden, title bar hidden
[2018.08.18-07.48.52:733][  0]LogSlate: Updating window title bar state: overlay mode, drag disabled, window buttons hidden, title bar hidden
[2018.08.18-07.48.52:745][  0]LogSlate: Updating window title bar state: overlay mode, drag disabled, window buttons hidden, title bar hidden
[2018.08.18-07.48.52:757][  0]LogSlate: Updating window title bar state: overlay mode, drag disabled, window buttons hidden, title bar hidden
[2018.08.18-07.48.52:764][  0]LogCollectionManager: Loaded 0 collections in 0.000994 seconds
[2018.08.18-07.48.52:803][  0]LogFileCache: Scanning file cache for directory 'H:/GermWar/GermBeat/Saved/Collections/' took 0.01s
[2018.08.18-07.48.52:803][  0]LogFileCache: Scanning file cache for directory 'H:/GermWar/GermBeat/Content/Developers/Sahil/Collections/' took 0.01s
[2018.08.18-07.48.52:804][  0]LogFileCache: Scanning file cache for directory 'H:/GermWar/GermBeat/Content/Collections/' took 0.01s
[2018.08.18-07.48.52:804][  0]LogCollectionManager: Rebuilt the GUID cache for 0 collections in 0.000001 seconds
[2018.08.18-07.48.52:817][  0]LogContentBrowser: Native class hierarchy populated in 0.0134 seconds. Added 2573 classes and 605 folders.
[2018.08.18-07.48.52:822][  0]LogContentBrowser: Native class hierarchy updated for 'WidgetCarousel' in 0.0003 seconds. Added 0 classes and 0 folders.
[2018.08.18-07.48.53:195][  0]LogContentBrowser: Native class hierarchy updated for 'AddContentDialog' in 0.0005 seconds. Added 0 classes and 0 folders.
[2018.08.18-07.48.53:218][  0]LogSlate: Took 0.000310 seconds to synchronously load lazily loaded font '../../../Engine/Content/Slate/Fonts/Roboto-Bold.ttf' (160K)
[2018.08.18-07.48.53:241][  0]LogSlate: Took 0.018835 seconds to synchronously load lazily loaded font '../../../Engine/Content/Editor/Slate/Fonts/FontAwesome.ttf' (139K)
[2018.08.18-07.48.53:310][  0]LogRenderer: Reallocating scene render targets to support 840x364 Format 9 NumSamples 1 (Frame:1).
[2018.08.18-07.48.53:479][  0]LogContentBrowser: Native class hierarchy updated for 'HierarchicalLODOutliner' in 0.0004 seconds. Added 0 classes and 0 folders.
[2018.08.18-07.48.53:480][  0]LogLoad: (Engine Initialization) Total time: 37.41 seconds
[2018.08.18-07.48.53:480][  0]LogLoad: (Engine Initialization) Total Blueprint compile time: 0.00 seconds
[2018.08.18-07.48.53:512][  0]LogContentStreaming: Texture pool size now 3000 MB
[2018.08.18-07.48.53:516][  0]LogSlate: FSceneViewport::OnFocusLost() reason 2
[2018.08.18-07.48.53:768][  2]LogAssetRegistry: Asset discovery search completed in 23.8584 seconds
[2018.08.18-07.48.53:772][  2]LogCollectionManager: Rebuilt the object cache for 0 collections in 0.000001 seconds (found 0 objects)
[2018.08.18-07.48.53:772][  2]LogCollectionManager: Fixed up redirectors for 0 collections in 0.000150 seconds (updated 0 objects)
[2018.08.18-07.48.54:541][ 65]LogSlate: Took 0.000294 seconds to synchronously load lazily loaded font '../../../Engine/Content/Slate/Fonts/Roboto-Light.ttf' (167K)
[2018.08.18-07.48.55:941][202]LogSlate: Window 'Message Log' being destroyed
[2018.08.18-07.48.55:944][202]LogSlate: Window 'Message Log' being destroyed
[2018.08.18-07.48.57:598][388]LogSlate: Took 0.000274 seconds to synchronously load lazily loaded font '../../../Engine/Content/Slate/Fonts/Roboto-Light.ttf' (167K)
[2018.08.18-07.48.58:377][390]LogSlate: FSceneViewport::OnFocusLost() reason 0
[2018.08.18-07.49.01:381][719]LogLinker: Warning: Can't find file '/Game/Akusan_Sandbox_BuiltData'
[2018.08.18-07.49.01:381][719]LogLinker: Warning: Can't find file for asset '/Game/Akusan_Sandbox_BuiltData' while loading ../../../../../GermWar/GermBeat/Content/Akusan_Sandbox.umap.
[2018.08.18-07.49.01:381][719]LoadErrors: Error: /Game/Akusan_Sandbox : Can't find file for asset. /Game/Akusan_Sandbox_BuiltData
[2018.08.18-07.49.01:383][719]LogLinker: Warning: Can't find file '/Game/Akusan_Sandbox_BuiltData'
[2018.08.18-07.49.01:383][719]LogLinker: Warning: Can't find file for asset '/Game/Akusan_Sandbox_BuiltData' while loading ../../../../../GermWar/GermBeat/Content/Akusan_Sandbox.umap.
[2018.08.18-07.49.01:386][719]LogLinker: Warning: Can't find file '/Game/Akusan_Sandbox_BuiltData'
[2018.08.18-07.49.01:386][719]LogLinker: Warning: Can't find file for asset '/Game/Akusan_Sandbox_BuiltData' while loading NULL.
[2018.08.18-07.49.01:386][719]LogLinker: Warning: Can't find file '/Game/Akusan_Sandbox_BuiltData'
[2018.08.18-07.49.01:386][719]LogLinker: Warning: Can't find file for asset '/Game/Akusan_Sandbox_BuiltData' while loading NULL.
[2018.08.18-07.49.01:396][719]LogLinker: Warning: Can't find file '/Game/Akusan_Sandbox_BuiltData'
[2018.08.18-07.49.01:396][719]LoadErrors: Failed to load /Game/Akusan_Sandbox_BuiltData.Akusan_Sandbox_BuiltData Referenced by PersistentLevel
[2018.08.18-07.49.01:397][719]LogLinker: Warning: Can't find file for asset '/Game/Akusan_Sandbox_BuiltData' while loading NULL.
[2018.08.18-07.49.01:403][719]LogAIModule: Creating AISystem for world Akusan_Sandbox
[2018.08.18-07.49.01:428][719]LogAssetEditorManager: Opening Asset editor for World /Game/Akusan_Sandbox.Akusan_Sandbox
[2018.08.18-07.49.01:461][719]Cmd: MAP LOAD FILE="../../../../../GermWar/GermBeat/Content/Akusan_Sandbox.umap" TEMPLATE=0 SHOWPROGRESS=1 FEATURELEVEL=3
[2018.08.18-07.49.01:461][719]LightingResults: New page: Lighting Build
[2018.08.18-07.49.01:462][719]LoadErrors: New page: Loading map: Akusan_Sandbox.umap
[2018.08.18-07.49.01:463][719]MapCheck: New page: Map Check
[2018.08.18-07.49.01:463][719]LightingResults: New page: Lighting Build
[2018.08.18-07.49.01:500][719]LogEditorServer: Finished looking for orphan Actors (0.000 secs)
[2018.08.18-07.49.01:555][719]Cmd: MAP CHECKDEP NOCLEARLOG
[2018.08.18-07.49.01:620][719]MapCheck: Map check complete: 0 Error(s), 0 Warning(s), took 65.023ms to complete.
[2018.08.18-07.49.01:621][719]LogFileHelpers: Loading map 'Akusan_Sandbox' took 0.160
[2018.08.18-07.49.07:805][377]LogSlate: FSceneViewport::OnFocusLost() reason 0
[2018.08.18-07.49.23:121][ 21]LogAssetEditorManager: Opening Asset editor for WidgetBlueprint /Game/TwinStickBP/Blueprints/UI/MusicUI.MusicUI
[2018.08.18-07.49.24:732][ 21]LogContentBrowser: Native class hierarchy updated for 'BlueprintGraph' in 0.0008 seconds. Added 116 classes and 0 folders.
[2018.08.18-07.49.27:457][ 21]LogSlate: Took 0.015531 seconds to synchronously load lazily loaded font '../../../Engine/Content/Slate/Fonts/Roboto-BoldCondensed.ttf' (158K)
[2018.08.18-07.49.37:185][395]LogEditorTransaction: Undo Resize Widget
[2018.08.18-07.49.55:180][171]LogSlate: Took 0.000274 seconds to synchronously load lazily loaded font '../../../Engine/Content/Slate/Fonts/Roboto-Italic.ttf' (157K)
[2018.08.18-07.52.39:095][802]LogSlate: Window 'MusicUI*' being destroyed
[2018.08.18-07.52.58:479][478]LogSlate: Window 'MusicUI*' being destroyed
[2018.08.18-07.52.58:482][478]LogSlate: Window 'MusicUI*' being destroyed
[2018.08.18-07.56.26:411][ 10]LogSlate: Window 'Save Content' being destroyed
[2018.08.18-07.56.26:451][ 10]Cmd: OBJ SAVEPACKAGE PACKAGE="/Game/TwinStickBP/Blueprints/UI/MusicUI" FILE="../../../../../GermWar/GermBeat/Content/TwinStickBP/Blueprints/UI/MusicUI.uasset" SILENT=true
[2018.08.18-07.56.26:847][ 10]LogSavePackage: Moving '../../../../../GermWar/GermBeat/Saved/MusicUI64F4860C4D6FE74FD59B7FBCF8D75E60.tmp' to '../../../../../GermWar/GermBeat/Content/TwinStickBP/Blueprints/UI/MusicUI.uasset'
[2018.08.18-07.56.27:079][ 10]LogSlate: Window 'GermBeat - Unreal Editor' being destroyed
[2018.08.18-07.56.27:080][ 10]LogWindowsTextInputMethodSystem: Display: IME system now deactivated.
[2018.08.18-07.56.27:499][ 11]Cmd: QUIT_EDITOR
[2018.08.18-07.56.27:935][ 11]LogExit: Preparing to exit.
[2018.08.18-07.56.28:916][ 11]LogExit: Editor shut down
[2018.08.18-07.56.28:918][ 11]LogExit: Transaction tracking system shut down
[2018.08.18-07.56.30:881][ 11]LogExit: Object subsystem successfully closed.
[2018.08.18-07.56.31:145][ 11]LogShaderCompilers: Display: Shaders left to compile 0
[2018.08.18-07.56.31:169][ 11]LogD3D11RHI: Shutdown
[2018.08.18-07.56.31:169][ 11]LogD3D11RHI: CleanupD3DDevice
[2018.08.18-07.56.31:243][ 11]LogD3D11RHI: ~FD3D11DynamicRHI
[2018.08.18-07.56.32:302][ 11]LogModuleManager: Shutting down and abandoning module SequencerWidgets (614)
[2018.08.18-07.56.32:302][ 11]LogModuleManager: Shutting down and abandoning module BlueprintGraph (612)
[2018.08.18-07.56.32:302][ 11]LogModuleManager: Shutting down and abandoning module HierarchicalLODOutliner (610)
[2018.08.18-07.56.32:302][ 11]LogModuleManager: Shutting down and abandoning module AddContentDialog (608)
[2018.08.18-07.56.32:325][ 11]LogModuleManager: Shutting down and abandoning module WidgetCarousel (607)
[2018.08.18-07.56.32:325][ 11]LogModuleManager: Shutting down and abandoning module EditorWidgets (604)
[2018.08.18-07.56.32:325][ 11]LogModuleManager: Shutting down and abandoning module CollectionManager (602)
[2018.08.18-07.56.32:339][ 11]LogModuleManager: Shutting down and abandoning module SceneOutliner (600)
[2018.08.18-07.56.32:339][ 11]LogModuleManager: Shutting down and abandoning module StatsViewer (598)
[2018.08.18-07.56.32:349][ 11]LogModuleManager: Shutting down and abandoning module FoliageEdit (596)
[2018.08.18-07.56.32:361][ 11]LogModuleManager: Shutting down and abandoning module LandscapeEditor (594)
[2018.08.18-07.56.32:414][ 11]LogModuleManager: Shutting down and abandoning module MeshPaintMode (592)
[2018.08.18-07.56.32:422][ 11]LogModuleManager: Shutting down and abandoning module SceneDepthPickerMode (590)
[2018.08.18-07.56.32:422][ 11]LogModuleManager: Shutting down and abandoning module ActorPickerMode (588)
[2018.08.18-07.56.32:423][ 11]LogModuleManager: Shutting down and abandoning module GeometryMode (586)
[2018.08.18-07.56.32:423][ 11]LogModuleManager: Shutting down and abandoning module TextureAlignMode (584)
[2018.08.18-07.56.32:423][ 11]LogModuleManager: Shutting down and abandoning module BspMode (582)
[2018.08.18-07.56.32:423][ 11]LogModuleManager: Shutting down and abandoning module PIEPreviewDeviceProfileSelector (580)
[2018.08.18-07.56.32:432][ 11]LogModuleManager: Shutting down and abandoning module SequenceRecorderSections (578)
[2018.08.18-07.56.32:443][ 11]LogModuleManager: Shutting down and abandoning module AutomationWorker (576)
[2018.08.18-07.56.32:443][ 11]LogModuleManager: Shutting down and abandoning module AudioCaptureEditor (574)
[2018.08.18-07.56.32:444][ 11]LogModuleManager: Shutting down and abandoning module SequenceRecorder (573)
[2018.08.18-07.56.32:452][ 11]LogModuleManager: Shutting down and abandoning module MatineeToLevelSequence (570)
[2018.08.18-07.56.32:463][ 11]LogModuleManager: Shutting down and abandoning module LevelSequenceEditor (568)
[2018.08.18-07.56.32:474][ 11]LogModuleManager: Shutting down and abandoning module PlacementMode (567)
[2018.08.18-07.56.32:474][ 11]LogModuleManager: Shutting down and abandoning module MaterialEditor (566)
[2018.08.18-07.56.32:482][ 11]LogModuleManager: Shutting down and abandoning module WmfMediaFactory (562)
[2018.08.18-07.56.32:482][ 11]LogModuleManager: Shutting down and abandoning module WmfMediaEditor (560)
[2018.08.18-07.56.32:482][ 11]LogModuleManager: Shutting down and abandoning module MediaPlayerEditor (558)
[2018.08.18-07.56.32:513][ 11]LogModuleManager: Shutting down and abandoning module OpenExrWrapper (556)
[2018.08.18-07.56.32:513][ 11]LogModuleManager: Shutting down and abandoning module ImgMediaFactory (554)
[2018.08.18-07.56.32:513][ 11]LogModuleManager: Shutting down and abandoning module ImgMediaEditor (552)
[2018.08.18-07.56.32:513][ 11]LogModuleManager: Shutting down and abandoning module AvfMediaFactory (550)
[2018.08.18-07.56.32:513][ 11]LogModuleManager: Shutting down and abandoning module AvfMediaEditor (548)
[2018.08.18-07.56.32:513][ 11]LogModuleManager: Shutting down and abandoning module AndroidMediaFactory (546)
[2018.08.18-07.56.32:513][ 11]LogModuleManager: Shutting down and abandoning module AndroidMediaEditor (544)
[2018.08.18-07.56.32:513][ 11]LogModuleManager: Shutting down and abandoning module MagicLeapCameraPreviewFactory (542)
[2018.08.18-07.56.32:513][ 11]LogModuleManager: Shutting down and abandoning module MagicLeapMediaFactory (540)
[2018.08.18-07.56.32:514][ 11]LogModuleManager: Shutting down and abandoning module MagicLeapMediaEditor (538)
[2018.08.18-07.56.32:514][ 11]LogModuleManager: Shutting down and abandoning module CharacterAI (536)
[2018.08.18-07.56.32:514][ 11]LogModuleManager: Shutting down and abandoning module SmartSnapping (534)
[2018.08.18-07.56.32:514][ 11]LogModuleManager: Shutting down and abandoning module SessionServices (532)
[2018.08.18-07.56.32:514][ 11]LogModuleManager: Shutting down and abandoning module ViewportSnapping (530)
[2018.08.18-07.56.32:514][ 11]LogModuleManager: Shutting down and abandoning module ViewportInteraction (528)
[2018.08.18-07.56.32:514][ 11]LogModuleManager: Shutting down and abandoning module ClothPainter (526)
[2018.08.18-07.56.32:531][ 11]LogModuleManager: Shutting down and abandoning module SkeletalMeshEditor (525)
[2018.08.18-07.56.32:550][ 11]LogModuleManager: Shutting down and abandoning module LogVisualizer (522)
[2018.08.18-07.56.32:584][ 11]LogModuleManager: Shutting down and abandoning module IntroTutorials (520)
[2018.08.18-07.56.32:632][ 11]LogModuleManager: Shutting down and abandoning module GameProjectGeneration (519)
[2018.08.18-07.56.32:654][ 11]LogModuleManager: Shutting down and abandoning module LuminPlatformEditor (516)
[2018.08.18-07.56.32:654][ 11]LogModuleManager: Shutting down and abandoning module IOSPlatformEditor (514)
[2018.08.18-07.56.32:663][ 11]LogModuleManager: Shutting down and abandoning module HTML5PlatformEditor (512)
[2018.08.18-07.56.32:663][ 11]LogModuleManager: Shutting down and abandoning module AndroidPlatformEditor (510)
[2018.08.18-07.56.32:663][ 11]LogModuleManager: Shutting down and abandoning module AndroidDeviceDetection (509)
[2018.08.18-07.56.32:991][ 11]LogModuleManager: Shutting down and abandoning module WindowsPlatformEditor (506)
[2018.08.18-07.56.32:991][ 11]LogModuleManager: Shutting down and abandoning module LuminRuntimeSettings (504)
[2018.08.18-07.56.32:992][ 11]LogModuleManager: Shutting down and abandoning module IOSRuntimeSettings (502)
[2018.08.18-07.56.32:992][ 11]LogModuleManager: Shutting down and abandoning module AndroidRuntimeSettings (500)
[2018.08.18-07.56.32:992][ 11]LogModuleManager: Shutting down and abandoning module InputBindingEditor (498)
[2018.08.18-07.56.33:008][ 11]LogModuleManager: Shutting down and abandoning module MergeActors (496)
[2018.08.18-07.56.33:018][ 11]LogModuleManager: Shutting down and abandoning module LocalizationDashboard (494)
[2018.08.18-07.56.33:040][ 11]LogModuleManager: Shutting down and abandoning module LocalizationService (493)
[2018.08.18-07.56.33:043][ 11]LogModuleManager: Shutting down and abandoning module HardwareTargeting (490)
[2018.08.18-07.56.33:043][ 11]LogModuleManager: Shutting down and abandoning module DeviceProfileEditor (488)
[2018.08.18-07.56.33:043][ 11]LogModuleManager: Shutting down and abandoning module UndoHistory (486)
[2018.08.18-07.56.33:054][ 11]LogModuleManager: Shutting down and abandoning module XmlParser (484)
[2018.08.18-07.56.33:054][ 11]LogModuleManager: Shutting down and abandoning module Blutility (482)
[2018.08.18-07.56.33:064][ 11]LogModuleManager: Shutting down and abandoning module ProjectSettingsViewer (480)
[2018.08.18-07.56.33:064][ 11]LogModuleManager: Shutting down and abandoning module ProjectTargetPlatformEditor (479)
[2018.08.18-07.56.33:065][ 11]LogModuleManager: Shutting down and abandoning module EditorSettingsViewer (476)
[2018.08.18-07.56.33:065][ 11]LogModuleManager: Shutting down and abandoning module SettingsEditor (474)
[2018.08.18-07.56.33:089][ 11]LogModuleManager: Shutting down and abandoning module ProjectLauncher (472)
[2018.08.18-07.56.33:108][ 11]LogModuleManager: Shutting down and abandoning module SessionFrontend (470)
[2018.08.18-07.56.33:116][ 11]LogModuleManager: Shutting down and abandoning module ProfilerClient (468)
[2018.08.18-07.56.33:123][ 11]LogModuleManager: Shutting down and abandoning module DeviceManager (466)
[2018.08.18-07.56.33:135][ 11]LogModuleManager: Shutting down and abandoning module TargetDeviceServices (465)
[2018.08.18-07.56.33:198][ 11]LogModuleManager: Shutting down and abandoning module AutomationController (462)
[2018.08.18-07.56.33:204][ 11]LogModuleManager: Shutting down and abandoning module AutomationWindow (460)
[2018.08.18-07.56.33:213][ 11]LogModuleManager: Shutting down and abandoning module Layers (458)
[2018.08.18-07.56.33:232][ 11]LogModuleManager: Shutting down and abandoning module ComponentVisualizers (456)
[2018.08.18-07.56.33:233][ 11]LogModuleManager: Shutting down and abandoning module DetailCustomizations (454)
[2018.08.18-07.56.33:260][ 11]LogModuleManager: Shutting down and abandoning module PackagesDialog (452)
[2018.08.18-07.56.33:260][ 11]LogModuleManager: Shutting down and abandoning module Persona (450)
[2018.08.18-07.56.33:298][ 11]LogModuleManager: Shutting down and abandoning module AdvancedPreviewScene (449)
[2018.08.18-07.56.33:298][ 11]LogModuleManager: Shutting down and abandoning module AnimGraph (447)
[2018.08.18-07.56.33:305][ 11]LogModuleManager: Shutting down and abandoning module Kismet (444)
[2018.08.18-07.56.33:323][ 11]LogModuleManager: Shutting down and abandoning module GraphEditor (442)
[2018.08.18-07.56.33:323][ 11]LogModuleManager: Shutting down and abandoning module ClassViewer (440)
[2018.08.18-07.56.33:323][ 11]LogModuleManager: Shutting down and abandoning module Toolbox (438)
[2018.08.18-07.56.33:323][ 11]LogModuleManager: Shutting down and abandoning module ModuleUI (436)
[2018.08.18-07.56.33:338][ 11]LogModuleManager: Shutting down and abandoning module MovieSceneTools (434)
[2018.08.18-07.56.33:347][ 11]LogModuleManager: Shutting down and abandoning module OutputLog (432)
[2018.08.18-07.56.33:347][ 11]LogModuleManager: Shutting down and abandoning module GammaUI (430)
[2018.08.18-07.56.33:362][ 11]LogModuleManager: Shutting down and abandoning module Documentation (428)
[2018.08.18-07.56.33:362][ 11]LogModuleManager: Shutting down and abandoning module MovieSceneTracks (426)
[2018.08.18-07.56.33:362][ 11]LogModuleManager: Shutting down and abandoning module MovieScene (424)
[2018.08.18-07.56.33:372][ 11]LogModuleManager: Shutting down and abandoning module StreamingPauseRendering (422)
[2018.08.18-07.56.33:384][ 11]LogModuleManager: Shutting down and abandoning module LauncherPlatform (420)
[2018.08.18-07.56.33:384][ 11]LogModuleManager: Shutting down and abandoning module AnalyticsET (418)
[2018.08.18-07.56.33:384][ 11]LogModuleManager: Shutting down and abandoning module PortalServices (416)
[2018.08.18-07.56.33:384][ 11]LogModuleManager: Shutting down and abandoning module PortalRpc (414)
[2018.08.18-07.56.33:384][ 11]LogModuleManager: Shutting down and abandoning module MessagingRpc (412)
[2018.08.18-07.56.33:384][ 11]LogModuleManager: Shutting down and abandoning module AIModule (410)
[2018.08.18-07.56.33:407][ 11]LogModuleManager: Shutting down and abandoning module GameplayDebugger (409)
[2018.08.18-07.56.33:415][ 11]LogModuleManager: Shutting down and abandoning module AITestSuite (407)
[2018.08.18-07.56.33:422][ 11]LogModuleManager: Shutting down and abandoning module NavigationSystem (405)
[2018.08.18-07.56.33:422][ 11]LogModuleManager: Shutting down and abandoning module DesktopPlatform (402)
[2018.08.18-07.56.33:422][ 11]LogModuleManager: Shutting down and abandoning module ProfilerService (400)
[2018.08.18-07.56.33:463][ 11]LogModuleManager: Shutting down and abandoning module TaskGraph (398)
[2018.08.18-07.56.33:480][ 11]LogModuleManager: Shutting down and abandoning module SteamVRController (396)
[2018.08.18-07.56.33:480][ 11]LogModuleManager: Shutting down and abandoning module ProceduralMeshComponentEditor (394)
[2018.08.18-07.56.33:480][ 11]LogModuleManager: Shutting down and abandoning module ProceduralMeshComponent (392)
[2018.08.18-07.56.33:488][ 11]LogModuleManager: Shutting down and abandoning module OculusInput (390)
[2018.08.18-07.56.33:488][ 11]LogModuleManager: Shutting down and abandoning module MobilePatchingUtils (388)
[2018.08.18-07.56.33:488][ 11]LogModuleManager: Shutting down and abandoning module EditableMesh (386)
[2018.08.18-07.56.33:500][ 11]LogModuleManager: Shutting down and abandoning module CustomMeshComponent (384)
[2018.08.18-07.56.33:500][ 11]LogModuleManager: Shutting down and abandoning module CableComponent (382)
[2018.08.18-07.56.33:500][ 11]LogModuleManager: Shutting down and abandoning module AudioCapture (380)
[2018.08.18-07.56.33:500][ 11]LogModuleManager: Shutting down and abandoning module ArchVisCharacter (378)
[2018.08.18-07.56.33:500][ 11]LogModuleManager: Shutting down and abandoning module AndroidPermission (376)
[2018.08.18-07.56.33:500][ 11]LogModuleManager: Shutting down and abandoning module NUTUnrealEngine4 (374)
[2018.08.18-07.56.33:500][ 11]LogModuleManager: Shutting down and abandoning module NetcodeUnitTest (372)
[2018.08.18-07.56.33:528][ 11]LogModuleManager: Shutting down and abandoning module MediaCompositingEditor (370)
[2018.08.18-07.56.33:528][ 11]LogModuleManager: Shutting down and abandoning module MediaCompositing (368)
[2018.08.18-07.56.33:528][ 11]LogModuleManager: Shutting down and abandoning module LinearTimecode (366)
[2018.08.18-07.56.33:528][ 11]LogModuleManager: Shutting down and abandoning module ImgMedia (364)
[2018.08.18-07.56.33:540][ 11]LogModuleManager: Shutting down and abandoning module HTML5Networking (362)
[2018.08.18-07.56.33:541][ 11]LogModuleManager: Shutting down and abandoning module GeometryCacheTracks (360)
[2018.08.18-07.56.33:541][ 11]LogModuleManager: Shutting down and abandoning module GeometryCacheSequencer (358)
[2018.08.18-07.56.33:541][ 11]LogModuleManager: Shutting down and abandoning module BackChannel (356)
[2018.08.18-07.56.33:552][ 11]LogModuleManager: Shutting down and abandoning module AppleVision (354)
[2018.08.18-07.56.33:553][ 11]LogModuleManager: Shutting down and abandoning module AppleImageUtils (352)
[2018.08.18-07.56.33:553][ 11]LogModuleManager: Shutting down and abandoning module AlembicImporter (350)
[2018.08.18-07.56.33:553][ 11]LogModuleManager: Shutting down and abandoning module AlembicLibrary (349)
[2018.08.18-07.56.33:553][ 11]LogModuleManager: Shutting down and abandoning module GeometryCache (348)
[2018.08.18-07.56.33:553][ 11]LogModuleManager: Shutting down and abandoning module GeometryCacheEd (347)
[2018.08.18-07.56.33:553][ 11]LogModuleManager: Shutting down and abandoning module DatasmithContentEditor (342)
[2018.08.18-07.56.33:561][ 11]LogModuleManager: Shutting down and abandoning module DatasmithContent (340)
[2018.08.18-07.56.33:562][ 11]LogModuleManager: Shutting down and abandoning module SpeedTreeImporter (338)
[2018.08.18-07.56.33:562][ 11]LogModuleManager: Shutting down and abandoning module PluginBrowser (336)
[2018.08.18-07.56.33:588][ 11]LogModuleManager: Shutting down and abandoning module MobileLauncherProfileWizard (334)
[2018.08.18-07.56.33:597][ 11]LogModuleManager: Shutting down and abandoning module PolygonModeling (332)
[2018.08.18-07.56.33:597][ 11]LogModuleManager: Shutting down and abandoning module MeshEditor (330)
[2018.08.18-07.56.33:605][ 11]LogModuleManager: Shutting down and abandoning module CryptoKeysOpenSSL (328)
[2018.08.18-07.56.33:612][ 11]LogModuleManager: Shutting down and abandoning module CryptoKeys (326)
[2018.08.18-07.56.33:612][ 11]LogModuleManager: Shutting down and abandoning module VisualStudioSourceCodeAccess (324)
[2018.08.18-07.56.33:612][ 11]LogModuleManager: Shutting down and abandoning module VisualStudioCodeSourceCodeAccess (322)
[2018.08.18-07.56.33:612][ 11]LogModuleManager: Shutting down and abandoning module UObjectPlugin (320)
[2018.08.18-07.56.33:612][ 11]LogModuleManager: Shutting down and abandoning module SubversionSourceControl (318)
[2018.08.18-07.56.33:620][ 11]LogModuleManager: Shutting down and abandoning module PerforceSourceControl (316)
[2018.08.18-07.56.33:625][ 11]LogModuleManager: Shutting down and abandoning module GitSourceControl (314)
[2018.08.18-07.56.33:632][ 11]LogModuleManager: Shutting down and abandoning module SourceControl (313)
[2018.08.18-07.56.33:640][ 11]LogModuleManager: Shutting down and abandoning module CLionSourceCodeAccess (310)
[2018.08.18-07.56.33:640][ 11]LogModuleManager: Shutting down and abandoning module LightPropagationVolumeEditor (308)
[2018.08.18-07.56.33:640][ 11]LogModuleManager: Shutting down and abandoning module PaperTiledImporter (306)
[2018.08.18-07.56.33:640][ 11]LogModuleManager: Shutting down and abandoning module PaperSpriteSheetImporter (304)
[2018.08.18-07.56.33:640][ 11]LogModuleManager: Shutting down and abandoning module Paper2DEditor (302)
[2018.08.18-07.56.33:672][ 11]LogModuleManager: Shutting down and abandoning module MeshPaint (301)
[2018.08.18-07.56.33:683][ 11]LogModuleManager: Shutting down and abandoning module RuntimePhysXCooking (298)
[2018.08.18-07.56.33:683][ 11]LogModuleManager: Shutting down and abandoning module PhysXVehiclesEditor (296)
[2018.08.18-07.56.33:683][ 11]LogModuleManager: Shutting down and abandoning module PhysXVehicles (294)
[2018.08.18-07.56.33:683][ 11]LogModuleManager: Shutting down and abandoning module OculusEditor (292)
[2018.08.18-07.56.33:697][ 11]LogModuleManager: Shutting down and abandoning module LocationServicesBPLibrary (290)
[2018.08.18-07.56.33:697][ 11]LogModuleManager: Shutting down and abandoning module ImmediatePhysicsEditor (288)
[2018.08.18-07.56.33:697][ 11]LogModuleManager: Shutting down and abandoning module ImmediatePhysics (286)
[2018.08.18-07.56.33:713][ 11]LogModuleManager: Shutting down and abandoning module ActorSequence (284)
[2018.08.18-07.56.33:713][ 11]LogModuleManager: Shutting down and abandoning module UdpMessaging (282)
[2018.08.18-07.56.33:814][ 11]LogModuleManager: Shutting down and abandoning module TcpMessaging (280)
[2018.08.18-07.56.33:927][ 11]LogModuleManager: Shutting down and abandoning module MagicLeapAudio (278)
[2018.08.18-07.56.33:927][ 11]LogModuleManager: Shutting down and abandoning module GameplayTagsEditor (276)
[2018.08.18-07.56.33:938][ 11]LogModuleManager: Shutting down and abandoning module FacialAnimationEditor (274)
[2018.08.18-07.56.33:938][ 11]LogModuleManager: Shutting down and abandoning module FacialAnimation (272)
[2018.08.18-07.56.33:938][ 11]LogModuleManager: Shutting down and abandoning module DataValidation (270)
[2018.08.18-07.56.33:938][ 11]LogModuleManager: Shutting down and abandoning module AssetManagerEditor (268)
[2018.08.18-07.56.33:950][ 11]LogModuleManager: Shutting down and abandoning module LevelEditor (267)
[2018.08.18-07.56.33:964][ 11]LogModuleManager: Shutting down and abandoning module PixelInspectorModule (266)
[2018.08.18-07.56.33:977][ 11]LogModuleManager: Shutting down and abandoning module CommonMenuExtensions (264)
[2018.08.18-07.56.33:977][ 11]LogModuleManager: Shutting down and abandoning module MainFrame (262)
[2018.08.18-07.56.33:977][ 11]LogModuleManager: Shutting down and abandoning module HotReload (261)
[2018.08.18-07.56.33:998][ 11]LogModuleManager: Shutting down and abandoning module ContentBrowser (257)
[2018.08.18-07.56.33:999][ 11]LogModuleManager: Shutting down and abandoning module TreeMap (255)
[2018.08.18-07.56.34:012][ 11]LogModuleManager: Shutting down and abandoning module LightPropagationVolumeRuntime (252)
[2018.08.18-07.56.34:012][ 11]LogModuleManager: Shutting down and abandoning module AISupportModule (250)
[2018.08.18-07.56.34:012][ 11]LogModuleManager: Shutting down and abandoning module Paper2D (248)
[2018.08.18-07.56.34:021][ 11]LogModuleManager: Shutting down and abandoning module WindowsMoviePlayer (246)
[2018.08.18-07.56.34:029][ 11]LogModuleManager: Shutting down and abandoning module WmfMedia (244)
[2018.08.18-07.56.34:045][ 11]LogModuleManager: Shutting down and abandoning module Media (243)
[2018.08.18-07.56.34:052][ 11]LogModuleManager: Shutting down and abandoning module PacketHandler (240)
[2018.08.18-07.56.34:052][ 11]LogModuleManager: Shutting down and abandoning module ClothingSystemEditor (238)
[2018.08.18-07.56.34:052][ 11]LogModuleManager: Shutting down and abandoning module ClothingSystemRuntime (236)
[2018.08.18-07.56.34:061][ 11]LogModuleManager: Shutting down and abandoning module MediaAssets (234)
[2018.08.18-07.56.34:061][ 11]LogModuleManager: Shutting down and abandoning module Overlay (232)
[2018.08.18-07.56.34:061][ 11]LogModuleManager: Shutting down and abandoning module OverlayEditor (231)
[2018.08.18-07.56.34:061][ 11]LogModuleManager: Shutting down and abandoning module VREditor (228)
[2018.08.18-07.56.34:070][ 11]LogModuleManager: Shutting down and abandoning module StringTableEditor (226)
[2018.08.18-07.56.34:073][ 11]LogModuleManager: Shutting down and abandoning module GameplayTasksEditor (224)
[2018.08.18-07.56.34:073][ 11]LogModuleManager: Shutting down and abandoning module BehaviorTreeEditor (222)
[2018.08.18-07.56.34:103][ 11]LogModuleManager: Shutting down and abandoning module FunctionalTesting (220)
[2018.08.18-07.56.34:111][ 11]LogModuleManager: Shutting down and abandoning module CollisionAnalyzer (218)
[2018.08.18-07.56.34:120][ 11]LogModuleManager: Shutting down and abandoning module WorkspaceMenuStructure (217)
[2018.08.18-07.56.34:120][ 11]LogModuleManager: Shutting down and abandoning module UMG (214)
[2018.08.18-07.56.34:126][ 11]LogModuleManager: Shutting down and abandoning module UMGEditor (213)
[2018.08.18-07.56.34:127][ 11]LogModuleManager: Shutting down and abandoning module Sequencer (212)
[2018.08.18-07.56.34:138][ 11]LogModuleManager: Shutting down and abandoning module MessageLog (209)
[2018.08.18-07.56.34:138][ 11]LogModuleManager: Shutting down and abandoning module SlateReflector (204)
[2018.08.18-07.56.34:167][ 11]LogModuleManager: Shutting down and abandoning module Slate (202)
[2018.08.18-07.56.34:167][ 11]LogModuleManager: Shutting down and abandoning module EditorStyle (200)
[2018.08.18-07.56.34:177][ 11]LogModuleManager: Shutting down and abandoning module MRMesh (198)
[2018.08.18-07.56.34:185][ 11]LogModuleManager: Shutting down and abandoning module SourceCodeAccess (196)
[2018.08.18-07.56.34:185][ 11]LogModuleManager: Shutting down and abandoning module HeadMountedDisplay (194)
[2018.08.18-07.56.34:185][ 11]LogModuleManager: Shutting down and abandoning module XAudio2 (192)
[2018.08.18-07.56.34:185][ 11]LogModuleManager: Shutting down and abandoning module Networking (190)
[2018.08.18-07.56.34:185][ 11]LogModuleManager: Shutting down and abandoning module Core (188)
[2018.08.18-07.56.34:185][ 11]LogModuleManager: Shutting down and abandoning module LevelSequence (186)
[2018.08.18-07.56.34:185][ 11]LogModuleManager: Shutting down and abandoning module KismetCompiler (184)
[2018.08.18-07.56.34:185][ 11]LogModuleManager: Shutting down and abandoning module MeshUtilities (182)
[2018.08.18-07.56.34:197][ 11]LogModuleManager: Shutting down and abandoning module MeshMergeUtilities (181)
[2018.08.18-07.56.34:208][ 11]LogModuleManager: Shutting down and abandoning module MeshReductionInterface (180)
[2018.08.18-07.56.34:208][ 11]LogModuleManager: Shutting down and abandoning module SimplygonSwarm (179)
[2018.08.18-07.56.34:221][ 11]LogModuleManager: Shutting down and abandoning module ProxyLODMeshReduction (177)
[2018.08.18-07.56.34:235][ 11]LogModuleManager: Shutting down and abandoning module SimplygonMeshReduction (175)
[2018.08.18-07.56.34:235][ 11]LogModuleManager: Shutting down and abandoning module QuadricMeshReduction (173)
[2018.08.18-07.56.34:245][ 11]LogModuleManager: Shutting down and abandoning module MaterialBaking (169)
[2018.08.18-07.56.34:262][ 11]LogModuleManager: Shutting down and abandoning module DirectoryWatcher (165)
[2018.08.18-07.56.34:262][ 11]LogModuleManager: Shutting down and abandoning module DerivedDataCache (162)
[2018.08.18-07.56.34:280][ 11]LogDerivedDataCache: Shutdown
[2018.08.18-07.56.34:280][ 11]LogModuleManager: Shutting down and abandoning module XGEController (160)
[2018.08.18-07.56.34:291][ 11]LogModuleManager: Shutting down and abandoning module TargetPlatform (158)
[2018.08.18-07.56.34:291][ 11]LogModuleManager: Shutting down and abandoning module VulkanShaderFormat (157)
[2018.08.18-07.56.34:295][ 11]LogModuleManager: Shutting down and abandoning module ShaderFormatVectorVM (155)
[2018.08.18-07.56.34:307][ 11]LogModuleManager: Shutting down and abandoning module ShaderFormatOpenGL (153)
[2018.08.18-07.56.34:316][ 11]LogModuleManager: Shutting down and abandoning module ShaderFormatD3D (151)
[2018.08.18-07.56.34:316][ 11]LogModuleManager: Shutting down and abandoning module MetalShaderFormat (149)
[2018.08.18-07.56.34:329][ 11]LogModuleManager: Shutting down and abandoning module TextureFormatUncompressed (147)
[2018.08.18-07.56.34:330][ 11]LogModuleManager: Shutting down and abandoning module TextureFormatPVR (145)
[2018.08.18-07.56.34:330][ 11]LogModuleManager: Shutting down and abandoning module TextureFormatDXT (143)
[2018.08.18-07.56.34:347][ 11]LogModuleManager: Shutting down and abandoning module TextureFormatIntelISPCTexComp (141)
[2018.08.18-07.56.34:348][ 11]LogModuleManager: Shutting down and abandoning module TextureFormatASTC (139)
[2018.08.18-07.56.34:348][ 11]LogModuleManager: Shutting down and abandoning module ImageWrapper (138)
[2018.08.18-07.56.34:348][ 11]LogModuleManager: Shutting down and abandoning module TextureFormatAndroid (135)
[2018.08.18-07.56.34:348][ 11]LogModuleManager: Shutting down and abandoning module AudioFormatOpus (133)
[2018.08.18-07.56.34:349][ 11]LogModuleManager: Shutting down and abandoning module AudioFormatOgg (131)
[2018.08.18-07.56.34:349][ 11]LogModuleManager: Shutting down and abandoning module AudioFormatADPCM (129)
[2018.08.18-07.56.34:349][ 11]LogModuleManager: Shutting down and abandoning module LuminTargetPlatform (127)
[2018.08.18-07.56.34:349][ 11]LogModuleManager: Shutting down and abandoning module LinuxTargetPlatform (125)
[2018.08.18-07.56.34:349][ 11]LogModuleManager: Shutting down and abandoning module LinuxServerTargetPlatform (123)
[2018.08.18-07.56.34:349][ 11]LogModuleManager: Shutting down and abandoning module LinuxNoEditorTargetPlatform (121)
[2018.08.18-07.56.34:359][ 11]LogModuleManager: Shutting down and abandoning module LinuxClientTargetPlatform (119)
[2018.08.18-07.56.34:367][ 11]LogModuleManager: Shutting down and abandoning module TVOSTargetPlatform (117)
[2018.08.18-07.56.34:369][ 11]LogModuleManager: Shutting down and abandoning module Messaging (115)
[2018.08.18-07.56.34:369][ 11]LogModuleManager: Shutting down and abandoning module IOSTargetPlatform (113)
[2018.08.18-07.56.34:370][ 11]LogModuleManager: Shutting down and abandoning module HTML5TargetPlatform (111)
[2018.08.18-07.56.34:370][ 11]LogModuleManager: Shutting down and abandoning module AndroidTargetPlatform (109)
[2018.08.18-07.56.34:394][ 11]LogModuleManager: Shutting down and abandoning module WindowsTargetPlatform (107)
[2018.08.18-07.56.34:394][ 11]LogModuleManager: Shutting down and abandoning module WindowsServerTargetPlatform (105)
[2018.08.18-07.56.34:395][ 11]LogModuleManager: Shutting down and abandoning module WindowsNoEditorTargetPlatform (103)
[2018.08.18-07.56.34:395][ 11]LogModuleManager: Shutting down and abandoning module WindowsClientTargetPlatform (101)
[2018.08.18-07.56.34:395][ 11]LogModuleManager: Shutting down and abandoning module MacTargetPlatform (99)
[2018.08.18-07.56.34:395][ 11]LogModuleManager: Shutting down and abandoning module MacServerTargetPlatform (97)
[2018.08.18-07.56.34:395][ 11]LogModuleManager: Shutting down and abandoning module MacNoEditorTargetPlatform (95)
[2018.08.18-07.56.34:395][ 11]LogModuleManager: Shutting down and abandoning module MacClientTargetPlatform (93)
[2018.08.18-07.56.34:395][ 11]LogModuleManager: Shutting down and abandoning module AllDesktopTargetPlatform (91)
[2018.08.18-07.56.34:395][ 11]LogModuleManager: Shutting down and abandoning module InputCore (88)
[2018.08.18-07.56.34:395][ 11]LogModuleManager: Shutting down and abandoning module Settings (86)
[2018.08.18-07.56.34:395][ 11]LogModuleManager: Shutting down and abandoning module PhysXCooking (84)
[2018.08.18-07.56.34:395][ 11]LogModuleManager: Shutting down and abandoning module SteamVR (82)
[2018.08.18-07.56.34:395][ 11]LogModuleManager: Shutting down and abandoning module OculusHMD (80)
[2018.08.18-07.56.34:406][ 11]LogModuleManager: Shutting down and abandoning module ExampleDeviceProfileSelector (78)
[2018.08.18-07.56.34:406][ 11]LogModuleManager: Shutting down and abandoning module LauncherChunkInstaller (76)
[2018.08.18-07.56.34:406][ 11]LogModuleManager: Shutting down and abandoning module OnlineBlueprintSupport (74)
[2018.08.18-07.56.34:406][ 11]LogModuleManager: Shutting down and abandoning module OnlineSubsystem (70)
[2018.08.18-07.56.34:425][ 11]LogModuleManager: Shutting down and abandoning module XMPP (65)
[2018.08.18-07.56.34:449][ 11]LogModuleManager: Shutting down and abandoning module WebSockets (64)
[2018.08.18-07.56.34:506][ 11]LogModuleManager: Shutting down and abandoning module HTTP (61)
[2018.08.18-07.56.34:519][ 11]LogHttp: Display: Http module shutting down, but needs to wait on 1 outstanding Http requests:
[2018.08.18-07.56.34:519][ 11]LogHttp: Display: 	verb=[POST] url=[https://datarouter.ol.epicgames.com/datarouter/api/v1/public/data?SessionID=%7B568657F2-4A60-A8F4-FE7B-DD8BD8CFAFC5%7D&AppID=UEEditor.Rocket.Release&AppVersion=4.20.1-4233996%2B%2B%2BUE4%2BRelease-4.20&UserID=4847158d4689db47fdc2608855e1eb38%7C72cf7866bba7489780df4e4ba02af779%7C794f8989-dc33-4fed-9549-9314787bbd86&AppEnvironment=datacollector-binary&UploadType=eteventstream] status=Processing
[2018.08.18-07.56.34:534][ 11]LogModuleManager: Shutting down and abandoning module SSL (60)
[2018.08.18-07.56.34:546][ 11]LogModuleManager: Shutting down and abandoning module MagicLeapEmulator (56)
[2018.08.18-07.56.34:546][ 11]LogModuleManager: Shutting down and abandoning module MagicLeapPrivileges (54)
[2018.08.18-07.56.34:546][ 11]LogModuleManager: Shutting down and abandoning module MagicLeapIdentity (52)
[2018.08.18-07.56.34:546][ 11]LogModuleManager: Shutting down and abandoning module MagicLeapHelperVulkan (50)
[2018.08.18-07.56.34:546][ 11]LogModuleManager: Shutting down and abandoning module MagicLeapHelperOpenGL (48)
[2018.08.18-07.56.34:546][ 11]LogModuleManager: Shutting down and abandoning module MagicLeapSecureStorage (46)
[2018.08.18-07.56.34:546][ 11]LogModuleManager: Shutting down and abandoning module MagicLeapGestures (44)
[2018.08.18-07.56.34:547][ 11]LogModuleManager: Shutting down and abandoning module MagicLeapEyeTracker (42)
[2018.08.18-07.56.34:547][ 11]LogModuleManager: Shutting down and abandoning module MagicLeapController (40)
[2018.08.18-07.56.34:551][ 11]LogSlate: Slate User Destroyed.  User Index 0, Is Virtual User: 0
[2018.08.18-07.56.34:551][ 11]LogModuleManager: Shutting down and abandoning module MagicLeap (38)
[2018.08.18-07.56.34:552][ 11]LogModuleManager: Shutting down and abandoning module AnimationModifiers (36)
[2018.08.18-07.56.34:570][ 11]LogModuleManager: Shutting down and abandoning module PropertyEditor (35)
[2018.08.18-07.56.34:584][ 11]LogModuleManager: Shutting down and abandoning module AudioEditor (32)
[2018.08.18-07.56.34:599][ 11]LogModuleManager: Shutting down and abandoning module TextureCompressor (30)
[2018.08.18-07.56.34:631][ 11]LogModuleManager: Shutting down and abandoning module ShaderCore (28)
[2018.08.18-07.56.34:632][ 11]LogModuleManager: Shutting down and abandoning module Landscape (26)
[2018.08.18-07.56.34:632][ 11]LogModuleManager: Shutting down and abandoning module SlateRHIRenderer (24)
[2018.08.18-07.56.34:638][ 11]LogModuleManager: Shutting down and abandoning module OpenGLDrv (22)
[2018.08.18-07.56.34:652][ 11]LogModuleManager: Shutting down and abandoning module D3D11RHI (20)
[2018.08.18-07.56.34:652][ 11]LogModuleManager: Shutting down and abandoning module AnimGraphRuntime (18)
[2018.08.18-07.56.34:665][ 11]LogModuleManager: Shutting down and abandoning module Renderer (16)
[2018.08.18-07.56.34:665][ 11]LogModuleManager: Shutting down and abandoning module Engine (14)
[2018.08.18-07.56.34:665][ 11]LogModuleManager: Shutting down and abandoning module CoreUObject (12)
[2018.08.18-07.56.34:665][ 11]LogModuleManager: Shutting down and abandoning module NetworkFile (10)
[2018.08.18-07.56.34:671][ 11]LogModuleManager: Shutting down and abandoning module CookedIterativeFile (8)
[2018.08.18-07.56.34:671][ 11]LogModuleManager: Shutting down and abandoning module StreamingFile (6)
[2018.08.18-07.56.34:680][ 11]LogModuleManager: Shutting down and abandoning module SandboxFile (4)
[2018.08.18-07.56.34:680][ 11]LogModuleManager: Shutting down and abandoning module PakFile (2)
[2018.08.18-07.56.34:703][ 11]LogExit: Exiting.
[2018.08.18-07.56.34:730][ 11]Log file closed, 08/18/18 13:26:34
